<?xml version="1.0" encoding="UTF-8"?>
<testsuite xmlns:xsi="http://www.w3.org/2001/XMLSchema-instance" xsi:noNamespaceSchemaLocation="https://maven.apache.org/surefire/maven-surefire-plugin/xsd/surefire-test-report.xsd" name="com.epam.rd.autotasks.words.StringUtilTest" time="0.3" tests="101" errors="0" skipped="0" failures="0">
  <properties>
    <property name="awt.toolkit" value="sun.awt.X11.XToolkit"/>
    <property name="java.specification.version" value="11"/>
    <property name="sun.cpu.isalist" value=""/>
    <property name="sun.jnu.encoding" value="UTF-8"/>
    <property name="java.class.path" value="/home/betoh/AreaTrabajo/words/target/test-classes:/home/betoh/AreaTrabajo/words/target/classes:/home/betoh/.m2/repository/org/junit/jupiter/junit-jupiter-api/5.7.0/junit-jupiter-api-5.7.0.jar:/home/betoh/.m2/repository/org/apiguardian/apiguardian-api/1.1.0/apiguardian-api-1.1.0.jar:/home/betoh/.m2/repository/org/opentest4j/opentest4j/1.2.0/opentest4j-1.2.0.jar:/home/betoh/.m2/repository/org/junit/platform/junit-platform-commons/1.7.0/junit-platform-commons-1.7.0.jar:/home/betoh/.m2/repository/org/junit/jupiter/junit-jupiter-params/5.7.0/junit-jupiter-params-5.7.0.jar:/home/betoh/.m2/repository/org/junit/jupiter/junit-jupiter-engine/5.7.0/junit-jupiter-engine-5.7.0.jar:/home/betoh/.m2/repository/org/junit/platform/junit-platform-engine/1.7.0/junit-platform-engine-1.7.0.jar:"/>
    <property name="java.vm.vendor" value="Ubuntu"/>
    <property name="sun.arch.data.model" value="64"/>
    <property name="java.vendor.url" value="https://ubuntu.com/"/>
    <property name="user.timezone" value=""/>
    <property name="java.vm.specification.version" value="11"/>
    <property name="os.name" value="Linux"/>
    <property name="sun.java.launcher" value="SUN_STANDARD"/>
    <property name="sun.boot.library.path" value="/usr/lib/jvm/java-11-openjdk-amd64/lib"/>
    <property name="sun.java.command" value="/home/betoh/AreaTrabajo/words/target/surefire/surefirebooter758403502353921614.jar /home/betoh/AreaTrabajo/words/target/surefire 2024-07-15T03-58-19_065-jvmRun1 surefire17738158151113588692tmp surefire_01395958821530126866tmp"/>
    <property name="jdk.debug" value="release"/>
    <property name="test" value="com.epam.rd.autotasks.words.StringUtilTest"/>
    <property name="surefire.test.class.path" value="/home/betoh/AreaTrabajo/words/target/test-classes:/home/betoh/AreaTrabajo/words/target/classes:/home/betoh/.m2/repository/org/junit/jupiter/junit-jupiter-api/5.7.0/junit-jupiter-api-5.7.0.jar:/home/betoh/.m2/repository/org/apiguardian/apiguardian-api/1.1.0/apiguardian-api-1.1.0.jar:/home/betoh/.m2/repository/org/opentest4j/opentest4j/1.2.0/opentest4j-1.2.0.jar:/home/betoh/.m2/repository/org/junit/platform/junit-platform-commons/1.7.0/junit-platform-commons-1.7.0.jar:/home/betoh/.m2/repository/org/junit/jupiter/junit-jupiter-params/5.7.0/junit-jupiter-params-5.7.0.jar:/home/betoh/.m2/repository/org/junit/jupiter/junit-jupiter-engine/5.7.0/junit-jupiter-engine-5.7.0.jar:/home/betoh/.m2/repository/org/junit/platform/junit-platform-engine/1.7.0/junit-platform-engine-1.7.0.jar:"/>
    <property name="sun.cpu.endian" value="little"/>
    <property name="user.home" value="/home/betoh"/>
    <property name="user.language" value="en"/>
    <property name="java.specification.vendor" value="Oracle Corporation"/>
    <property name="java.version.date" value="2024-01-16"/>
    <property name="java.home" value="/usr/lib/jvm/java-11-openjdk-amd64"/>
    <property name="file.separator" value="/"/>
    <property name="basedir" value="/home/betoh/AreaTrabajo/words"/>
    <property name="java.vm.compressedOopsMode" value="32-bit"/>
    <property name="line.separator" value="&#10;"/>
    <property name="java.specification.name" value="Java Platform API Specification"/>
    <property name="java.vm.specification.vendor" value="Oracle Corporation"/>
    <property name="java.awt.graphicsenv" value="sun.awt.X11GraphicsEnvironment"/>
    <property name="surefire.real.class.path" value="/home/betoh/AreaTrabajo/words/target/surefire/surefirebooter758403502353921614.jar"/>
    <property name="sun.management.compiler" value="HotSpot 64-Bit Tiered Compilers"/>
    <property name="java.runtime.version" value="11.0.22+7-post-Ubuntu-0ubuntu222.04.1"/>
    <property name="user.name" value="betoh"/>
    <property name="path.separator" value=":"/>
    <property name="os.version" value="5.15.133.1-microsoft-standard-WSL2"/>
    <property name="java.runtime.name" value="OpenJDK Runtime Environment"/>
    <property name="file.encoding" value="UTF-8"/>
    <property name="java.vm.name" value="OpenJDK 64-Bit Server VM"/>
    <property name="maven.ext.class.path" value="/home/betoh/.vscode-server/extensions/oracle.oracle-java-22.0.1/nbcode/java/maven-nblib/netbeans-eventspy.jar"/>
    <property name="localRepository" value="/home/betoh/.m2/repository"/>
    <property name="java.vendor.url.bug" value="https://bugs.launchpad.net/ubuntu/+source/openjdk-lts"/>
    <property name="java.io.tmpdir" value="/tmp"/>
    <property name="java.version" value="11.0.22"/>
    <property name="user.dir" value="/home/betoh/AreaTrabajo/words"/>
    <property name="os.arch" value="amd64"/>
    <property name="java.vm.specification.name" value="Java Virtual Machine Specification"/>
    <property name="java.awt.printerjob" value="sun.print.PSPrinterJob"/>
    <property name="sun.os.patch.level" value="unknown"/>
    <property name="java.library.path" value="/usr/java/packages/lib:/usr/lib/x86_64-linux-gnu/jni:/lib/x86_64-linux-gnu:/usr/lib/x86_64-linux-gnu:/usr/lib/jni:/lib:/usr/lib"/>
    <property name="java.vm.info" value="mixed mode, sharing"/>
    <property name="java.vendor" value="Ubuntu"/>
    <property name="java.vm.version" value="11.0.22+7-post-Ubuntu-0ubuntu222.04.1"/>
    <property name="java.specification.maintenance.version" value="2"/>
    <property name="sun.io.unicode.encoding" value="UnicodeLittle"/>
    <property name="java.class.version" value="55.0"/>
  </properties>
  <testcase name="testSplitReturnsForNumbers" classname="com.epam.rd.autotasks.words.StringUtilTest" time="0.028"/>
  <testcase name="testJoinReturnNullForArrayOfEmptyStrings" classname="com.epam.rd.autotasks.words.StringUtilTest" time="0.001"/>
  <testcase name="testConvertReturnsForSample2" classname="com.epam.rd.autotasks.words.StringUtilTest" time="0.003"/>
  <testcase name="testConvertReturnsForSample3" classname="com.epam.rd.autotasks.words.StringUtilTest" time="0.007"/>
  <testcase name="testCountReturnsZeroForEmptySample" classname="com.epam.rd.autotasks.words.StringUtilTest" time="0.001"/>
  <testcase name="testSplitReturnsNullForSeparatingCharsString{String}[1]" classname="com.epam.rd.autotasks.words.StringUtilTest" time="0.022"/>
  <testcase name="testSplitReturnsNullForSeparatingCharsString{String}[2]" classname="com.epam.rd.autotasks.words.StringUtilTest" time="0.001"/>
  <testcase name="testSplitReturnsNullForSeparatingCharsString{String}[3]" classname="com.epam.rd.autotasks.words.StringUtilTest" time="0"/>
  <testcase name="testSplitReturnsNullForSeparatingCharsString{String}[4]" classname="com.epam.rd.autotasks.words.StringUtilTest" time="0.003"/>
  <testcase name="testSplitReturnsNullForSeparatingCharsString{String}[5]" classname="com.epam.rd.autotasks.words.StringUtilTest" time="0"/>
  <testcase name="testSplitReturnsNullForSeparatingCharsString{String}[6]" classname="com.epam.rd.autotasks.words.StringUtilTest" time="0"/>
  <testcase name="testSplitReturnsNullForSeparatingCharsString{String}[7]" classname="com.epam.rd.autotasks.words.StringUtilTest" time="0.001"/>
  <testcase name="testSplitReturnsNullForSeparatingCharsString{String}[8]" classname="com.epam.rd.autotasks.words.StringUtilTest" time="0.001"/>
  <testcase name="testSplitReturnsNullForSeparatingCharsString{String}[9]" classname="com.epam.rd.autotasks.words.StringUtilTest" time="0.001"/>
  <testcase name="testSplitReturnsNullForSeparatingCharsString{String}[10]" classname="com.epam.rd.autotasks.words.StringUtilTest" time="0"/>
  <testcase name="testSplitReturnsNullForSeparatingCharsString{String}[11]" classname="com.epam.rd.autotasks.words.StringUtilTest" time="0.001"/>
  <testcase name="testSplitReturnsNullForSeparatingCharsString{String}[12]" classname="com.epam.rd.autotasks.words.StringUtilTest" time="0.001"/>
  <testcase name="testSplitReturnsNullForSeparatingCharsString{String}[13]" classname="com.epam.rd.autotasks.words.StringUtilTest" time="0.001"/>
  <testcase name="testSplitReturnsNullForSeparatingCharsString{String}[14]" classname="com.epam.rd.autotasks.words.StringUtilTest" time="0.002"/>
  <testcase name="testSplitReturnsNullForSeparatingCharsString{String}[15]" classname="com.epam.rd.autotasks.words.StringUtilTest" time="0.001"/>
  <testcase name="testSplitReturnsNullForSeparatingCharsString{String}[16]" classname="com.epam.rd.autotasks.words.StringUtilTest" time="0.001"/>
  <testcase name="testCountReturnsForSeparatedParts" classname="com.epam.rd.autotasks.words.StringUtilTest" time="0"/>
  <testcase name="testConvertReturnsForWinToUnix{String, String}[1]" classname="com.epam.rd.autotasks.words.StringUtilTest" time="0.001"/>
  <testcase name="testConvertReturnsForWinToUnix{String, String}[2]" classname="com.epam.rd.autotasks.words.StringUtilTest" time="0.001"/>
  <testcase name="testConvertReturnsForWinToUnix{String, String}[3]" classname="com.epam.rd.autotasks.words.StringUtilTest" time="0.001"/>
  <testcase name="testConvertReturnsForWinToUnix{String, String}[4]" classname="com.epam.rd.autotasks.words.StringUtilTest" time="0.001"/>
  <testcase name="testConvertReturnsForWinToUnix{String, String}[5]" classname="com.epam.rd.autotasks.words.StringUtilTest" time="0.001"/>
  <testcase name="testConvertReturnsForWinToUnix{String, String}[6]" classname="com.epam.rd.autotasks.words.StringUtilTest" time="0.001"/>
  <testcase name="testConvertReturnsForWinToUnix{String, String}[7]" classname="com.epam.rd.autotasks.words.StringUtilTest" time="0.001"/>
  <testcase name="testConvertReturnsForWinToUnix{String, String}[8]" classname="com.epam.rd.autotasks.words.StringUtilTest" time="0.001"/>
  <testcase name="testConvertReturnsForWinToUnix{String, String}[9]" classname="com.epam.rd.autotasks.words.StringUtilTest" time="0.001"/>
  <testcase name="testConvertReturnsForWinToUnix{String, String}[10]" classname="com.epam.rd.autotasks.words.StringUtilTest" time="0"/>
  <testcase name="testConvertReturnsForWinToUnix{String, String}[11]" classname="com.epam.rd.autotasks.words.StringUtilTest" time="0.001"/>
  <testcase name="testJoinReturnsNullForNull" classname="com.epam.rd.autotasks.words.StringUtilTest" time="0.001"/>
  <testcase name="testConvertReturnsNullForEmptyPath" classname="com.epam.rd.autotasks.words.StringUtilTest" time="0.001"/>
  <testcase name="testSplitReturnsForTextStartingWithSeparators" classname="com.epam.rd.autotasks.words.StringUtilTest" time="0.002"/>
  <testcase name="testConvertReturnsForUnixToWin{String, String}[1]" classname="com.epam.rd.autotasks.words.StringUtilTest" time="0.001"/>
  <testcase name="testConvertReturnsForUnixToWin{String, String}[2]" classname="com.epam.rd.autotasks.words.StringUtilTest" time="0.001"/>
  <testcase name="testConvertReturnsForUnixToWin{String, String}[3]" classname="com.epam.rd.autotasks.words.StringUtilTest" time="0"/>
  <testcase name="testConvertReturnsForUnixToWin{String, String}[4]" classname="com.epam.rd.autotasks.words.StringUtilTest" time="0"/>
  <testcase name="testConvertReturnsForUnixToWin{String, String}[5]" classname="com.epam.rd.autotasks.words.StringUtilTest" time="0.001"/>
  <testcase name="testConvertReturnsForUnixToWin{String, String}[6]" classname="com.epam.rd.autotasks.words.StringUtilTest" time="0"/>
  <testcase name="testConvertReturnsForUnixToWin{String, String}[7]" classname="com.epam.rd.autotasks.words.StringUtilTest" time="0.004"/>
  <testcase name="testConvertReturnsForUnixToWin{String, String}[8]" classname="com.epam.rd.autotasks.words.StringUtilTest" time="0"/>
  <testcase name="testConvertReturnsForUnixToWin{String, String}[9]" classname="com.epam.rd.autotasks.words.StringUtilTest" time="0.001"/>
  <testcase name="testConvertReturnsForUnixToWin{String, String}[10]" classname="com.epam.rd.autotasks.words.StringUtilTest" time="0"/>
  <testcase name="testConvertReturnsForUnixToWin{String, String}[11]" classname="com.epam.rd.autotasks.words.StringUtilTest" time="0.001"/>
  <testcase name="testSplitReturnsNullForNullText" classname="com.epam.rd.autotasks.words.StringUtilTest" time="0.016"/>
  <testcase name="testSplitReturnsForTextEndingWithSeparators" classname="com.epam.rd.autotasks.words.StringUtilTest" time="0.001"/>
  <testcase name="testSplitReturnsForSample" classname="com.epam.rd.autotasks.words.StringUtilTest" time="0"/>
  <testcase name="testJoinReturnsForSample{String[], String}[1]" classname="com.epam.rd.autotasks.words.StringUtilTest" time="0"/>
  <testcase name="testJoinReturnsForSample{String[], String}[2]" classname="com.epam.rd.autotasks.words.StringUtilTest" time="0"/>
  <testcase name="testJoinReturnsForSample{String[], String}[3]" classname="com.epam.rd.autotasks.words.StringUtilTest" time="0.001"/>
  <testcase name="testJoinReturnsForSample{String[], String}[4]" classname="com.epam.rd.autotasks.words.StringUtilTest" time="0"/>
  <testcase name="testJoinReturnsForSample{String[], String}[5]" classname="com.epam.rd.autotasks.words.StringUtilTest" time="0.001"/>
  <testcase name="testSplitReturnsForSingleWord" classname="com.epam.rd.autotasks.words.StringUtilTest" time="0.001"/>
  <testcase name="testConvertReturnsNullForIllegalPath{String}[1]" classname="com.epam.rd.autotasks.words.StringUtilTest" time="0"/>
  <testcase name="testConvertReturnsNullForIllegalPath{String}[2]" classname="com.epam.rd.autotasks.words.StringUtilTest" time="0"/>
  <testcase name="testConvertReturnsNullForIllegalPath{String}[3]" classname="com.epam.rd.autotasks.words.StringUtilTest" time="0"/>
  <testcase name="testConvertReturnsNullForIllegalPath{String}[4]" classname="com.epam.rd.autotasks.words.StringUtilTest" time="0"/>
  <testcase name="testConvertReturnsNullForIllegalPath{String}[5]" classname="com.epam.rd.autotasks.words.StringUtilTest" time="0.001"/>
  <testcase name="testConvertReturnsNullForIllegalPath{String}[6]" classname="com.epam.rd.autotasks.words.StringUtilTest" time="0.001"/>
  <testcase name="testConvertReturnsNullForIllegalPath{String}[7]" classname="com.epam.rd.autotasks.words.StringUtilTest" time="0.002"/>
  <testcase name="testConvertReturnsNullForIllegalPath{String}[8]" classname="com.epam.rd.autotasks.words.StringUtilTest" time="0"/>
  <testcase name="testConvertReturnsForUnixToWinToUnix{String, String}[1]" classname="com.epam.rd.autotasks.words.StringUtilTest" time="0.001"/>
  <testcase name="testConvertReturnsForUnixToWinToUnix{String, String}[2]" classname="com.epam.rd.autotasks.words.StringUtilTest" time="0.001"/>
  <testcase name="testConvertReturnsForUnixToWinToUnix{String, String}[3]" classname="com.epam.rd.autotasks.words.StringUtilTest" time="0.001"/>
  <testcase name="testConvertReturnsForUnixToWinToUnix{String, String}[4]" classname="com.epam.rd.autotasks.words.StringUtilTest" time="0.001"/>
  <testcase name="testConvertReturnsForUnixToWinToUnix{String, String}[5]" classname="com.epam.rd.autotasks.words.StringUtilTest" time="0"/>
  <testcase name="testConvertReturnsForUnixToWinToUnix{String, String}[6]" classname="com.epam.rd.autotasks.words.StringUtilTest" time="0"/>
  <testcase name="testConvertReturnsForUnixToWinToUnix{String, String}[7]" classname="com.epam.rd.autotasks.words.StringUtilTest" time="0"/>
  <testcase name="testConvertReturnsForUnixToWinToUnix{String, String}[8]" classname="com.epam.rd.autotasks.words.StringUtilTest" time="0.001"/>
  <testcase name="testConvertReturnsForUnixToWinToUnix{String, String}[9]" classname="com.epam.rd.autotasks.words.StringUtilTest" time="0.001"/>
  <testcase name="testConvertReturnsForUnixToWinToUnix{String, String}[10]" classname="com.epam.rd.autotasks.words.StringUtilTest" time="0.001"/>
  <testcase name="testConvertReturnsForUnixToWinToUnix{String, String}[11]" classname="com.epam.rd.autotasks.words.StringUtilTest" time="0.001"/>
  <testcase name="testCountReturnsForSample2" classname="com.epam.rd.autotasks.words.StringUtilTest" time="0"/>
  <testcase name="testCountReturnsForSample3" classname="com.epam.rd.autotasks.words.StringUtilTest" time="0"/>
  <testcase name="testCountReturnsForSample4" classname="com.epam.rd.autotasks.words.StringUtilTest" time="0.001"/>
  <testcase name="testJoinReturnsNullForEmpty" classname="com.epam.rd.autotasks.words.StringUtilTest" time="0"/>
  <testcase name="testCountReturnsZeroForNullSample" classname="com.epam.rd.autotasks.words.StringUtilTest" time="0.001"/>
  <testcase name="testJoinReturnsForTwoWords" classname="com.epam.rd.autotasks.words.StringUtilTest" time="0"/>
  <testcase name="testCountReturnsForNumbers" classname="com.epam.rd.autotasks.words.StringUtilTest" time="0.001"/>
  <testcase name="testCountReturnsForSample" classname="com.epam.rd.autotasks.words.StringUtilTest" time="0"/>
  <testcase name="testConvertReturnsForWinToUnixToWin{String, String}[1]" classname="com.epam.rd.autotasks.words.StringUtilTest" time="0.001"/>
  <testcase name="testConvertReturnsForWinToUnixToWin{String, String}[2]" classname="com.epam.rd.autotasks.words.StringUtilTest" time="0.001"/>
  <testcase name="testConvertReturnsForWinToUnixToWin{String, String}[3]" classname="com.epam.rd.autotasks.words.StringUtilTest" time="0"/>
  <testcase name="testConvertReturnsForWinToUnixToWin{String, String}[4]" classname="com.epam.rd.autotasks.words.StringUtilTest" time="0.001"/>
  <testcase name="testConvertReturnsForWinToUnixToWin{String, String}[5]" classname="com.epam.rd.autotasks.words.StringUtilTest" time="0"/>
  <testcase name="testConvertReturnsForWinToUnixToWin{String, String}[6]" classname="com.epam.rd.autotasks.words.StringUtilTest" time="0.001"/>
  <testcase name="testConvertReturnsForWinToUnixToWin{String, String}[7]" classname="com.epam.rd.autotasks.words.StringUtilTest" time="0.001"/>
  <testcase name="testConvertReturnsForWinToUnixToWin{String, String}[8]" classname="com.epam.rd.autotasks.words.StringUtilTest" time="0"/>
  <testcase name="testConvertReturnsForWinToUnixToWin{String, String}[9]" classname="com.epam.rd.autotasks.words.StringUtilTest" time="0.001"/>
  <testcase name="testConvertReturnsForWinToUnixToWin{String, String}[10]" classname="com.epam.rd.autotasks.words.StringUtilTest" time="0.001"/>
  <testcase name="testConvertReturnsForWinToUnixToWin{String, String}[11]" classname="com.epam.rd.autotasks.words.StringUtilTest" time="0.003"/>
  <testcase name="testCountReturnsZeroForNullWords" classname="com.epam.rd.autotasks.words.StringUtilTest" time="0.001"/>
  <testcase name="testSplitReturnsNullForEmptyText" classname="com.epam.rd.autotasks.words.StringUtilTest" time="0"/>
  <testcase name="testConvertReturnsForSample" classname="com.epam.rd.autotasks.words.StringUtilTest" time="0"/>
  <testcase name="testSplitReturnsForUpperCaseText" classname="com.epam.rd.autotasks.words.StringUtilTest" time="0.001"/>
  <testcase name="testJoinReturnsForSingleWord" classname="com.epam.rd.autotasks.words.StringUtilTest" time="0.001"/>
  <testcase name="testConvertReturnsNullForNullPath" classname="com.epam.rd.autotasks.words.StringUtilTest" time="0"/>
  <testcase name="testCountReturnsZeroForEmptyWords" classname="com.epam.rd.autotasks.words.StringUtilTest" time="0.001"/>
</testsuite>