<?xml version="1.0" encoding="UTF-8"?>
<testsuite xmlns:xsi="http://www.w3.org/2001/XMLSchema-instance" xsi:noNamespaceSchemaLocation="https://maven.apache.org/surefire/maven-surefire-plugin/xsd/surefire-test-report.xsd" name="com.epam.rd.autotasks.figures.CircleTest" time="0.136" tests="21" errors="0" skipped="0" failures="0">
  <properties>
    <property name="awt.toolkit" value="sun.awt.X11.XToolkit"/>
    <property name="java.specification.version" value="11"/>
    <property name="sun.cpu.isalist" value=""/>
    <property name="sun.jnu.encoding" value="UTF-8"/>
    <property name="java.class.path" value="/home/betoh/Epam/figures/target/test-classes:/home/betoh/Epam/figures/target/classes:/home/betoh/.m2/repository/org/junit/jupiter/junit-jupiter-engine/5.6.2/junit-jupiter-engine-5.6.2.jar:/home/betoh/.m2/repository/org/apiguardian/apiguardian-api/1.1.0/apiguardian-api-1.1.0.jar:/home/betoh/.m2/repository/org/junit/platform/junit-platform-engine/1.6.2/junit-platform-engine-1.6.2.jar:/home/betoh/.m2/repository/org/junit/jupiter/junit-jupiter-api/5.6.2/junit-jupiter-api-5.6.2.jar:/home/betoh/.m2/repository/org/opentest4j/opentest4j/1.2.0/opentest4j-1.2.0.jar:/home/betoh/.m2/repository/org/junit/platform/junit-platform-commons/1.6.2/junit-platform-commons-1.6.2.jar:/home/betoh/.m2/repository/org/junit/jupiter/junit-jupiter-params/5.6.2/junit-jupiter-params-5.6.2.jar:"/>
    <property name="java.vm.vendor" value="Ubuntu"/>
    <property name="sun.arch.data.model" value="64"/>
    <property name="java.vendor.url" value="https://ubuntu.com/"/>
    <property name="user.timezone" value=""/>
    <property name="java.vm.specification.version" value="11"/>
    <property name="os.name" value="Linux"/>
    <property name="sun.java.launcher" value="SUN_STANDARD"/>
    <property name="sun.boot.library.path" value="/usr/lib/jvm/java-11-openjdk-amd64/lib"/>
    <property name="sun.java.command" value="/home/betoh/Epam/figures/target/surefire/surefirebooter17034852341457513321.jar /home/betoh/Epam/figures/target/surefire 2024-07-06T00-28-08_462-jvmRun1 surefire15537267928505931104tmp surefire_013486267357513925920tmp"/>
    <property name="jdk.debug" value="release"/>
    <property name="test" value="com.epam.rd.autotasks.figures.CircleTest"/>
    <property name="surefire.test.class.path" value="/home/betoh/Epam/figures/target/test-classes:/home/betoh/Epam/figures/target/classes:/home/betoh/.m2/repository/org/junit/jupiter/junit-jupiter-engine/5.6.2/junit-jupiter-engine-5.6.2.jar:/home/betoh/.m2/repository/org/apiguardian/apiguardian-api/1.1.0/apiguardian-api-1.1.0.jar:/home/betoh/.m2/repository/org/junit/platform/junit-platform-engine/1.6.2/junit-platform-engine-1.6.2.jar:/home/betoh/.m2/repository/org/junit/jupiter/junit-jupiter-api/5.6.2/junit-jupiter-api-5.6.2.jar:/home/betoh/.m2/repository/org/opentest4j/opentest4j/1.2.0/opentest4j-1.2.0.jar:/home/betoh/.m2/repository/org/junit/platform/junit-platform-commons/1.6.2/junit-platform-commons-1.6.2.jar:/home/betoh/.m2/repository/org/junit/jupiter/junit-jupiter-params/5.6.2/junit-jupiter-params-5.6.2.jar:"/>
    <property name="sun.cpu.endian" value="little"/>
    <property name="user.home" value="/home/betoh"/>
    <property name="user.language" value="en"/>
    <property name="java.specification.vendor" value="Oracle Corporation"/>
    <property name="java.version.date" value="2024-01-16"/>
    <property name="java.home" value="/usr/lib/jvm/java-11-openjdk-amd64"/>
    <property name="file.separator" value="/"/>
    <property name="basedir" value="/home/betoh/Epam/figures"/>
    <property name="java.vm.compressedOopsMode" value="32-bit"/>
    <property name="line.separator" value="&#10;"/>
    <property name="java.specification.name" value="Java Platform API Specification"/>
    <property name="java.vm.specification.vendor" value="Oracle Corporation"/>
    <property name="java.awt.graphicsenv" value="sun.awt.X11GraphicsEnvironment"/>
    <property name="surefire.real.class.path" value="/home/betoh/Epam/figures/target/surefire/surefirebooter17034852341457513321.jar"/>
    <property name="sun.management.compiler" value="HotSpot 64-Bit Tiered Compilers"/>
    <property name="java.runtime.version" value="11.0.22+7-post-Ubuntu-0ubuntu222.04.1"/>
    <property name="user.name" value="betoh"/>
    <property name="path.separator" value=":"/>
    <property name="os.version" value="5.15.133.1-microsoft-standard-WSL2"/>
    <property name="java.runtime.name" value="OpenJDK Runtime Environment"/>
    <property name="file.encoding" value="UTF-8"/>
    <property name="java.vm.name" value="OpenJDK 64-Bit Server VM"/>
    <property name="maven.ext.class.path" value="/home/betoh/.vscode-server/extensions/oracle.oracle-java-22.0.1/nbcode/java/maven-nblib/netbeans-eventspy.jar"/>
    <property name="localRepository" value="/home/betoh/.m2/repository"/>
    <property name="java.vendor.url.bug" value="https://bugs.launchpad.net/ubuntu/+source/openjdk-lts"/>
    <property name="java.io.tmpdir" value="/tmp"/>
    <property name="java.version" value="11.0.22"/>
    <property name="user.dir" value="/home/betoh/Epam/figures"/>
    <property name="os.arch" value="amd64"/>
    <property name="java.vm.specification.name" value="Java Virtual Machine Specification"/>
    <property name="java.awt.printerjob" value="sun.print.PSPrinterJob"/>
    <property name="sun.os.patch.level" value="unknown"/>
    <property name="java.library.path" value="/usr/java/packages/lib:/usr/lib/x86_64-linux-gnu/jni:/lib/x86_64-linux-gnu:/usr/lib/x86_64-linux-gnu:/usr/lib/jni:/lib:/usr/lib"/>
    <property name="java.vm.info" value="mixed mode, sharing"/>
    <property name="java.vendor" value="Ubuntu"/>
    <property name="java.vm.version" value="11.0.22+7-post-Ubuntu-0ubuntu222.04.1"/>
    <property name="java.specification.maintenance.version" value="2"/>
    <property name="sun.io.unicode.encoding" value="UnicodeLittle"/>
    <property name="java.class.version" value="55.0"/>
  </properties>
  <testcase name="testLeftmost{double, double, Circle}[1]" classname="com.epam.rd.autotasks.figures.CircleTest" time="0.03"/>
  <testcase name="testLeftmost{double, double, Circle}[2]" classname="com.epam.rd.autotasks.figures.CircleTest" time="0.001"/>
  <testcase name="testLeftmost{double, double, Circle}[3]" classname="com.epam.rd.autotasks.figures.CircleTest" time="0.001"/>
  <testcase name="testLeftmost{double, double, Circle}[4]" classname="com.epam.rd.autotasks.figures.CircleTest" time="0.001"/>
  <testcase name="testLeftmost{double, double, Circle}[5]" classname="com.epam.rd.autotasks.figures.CircleTest" time="0.001"/>
  <testcase name="testArea{double, Circle}[1]" classname="com.epam.rd.autotasks.figures.CircleTest" time="0"/>
  <testcase name="testArea{double, Circle}[2]" classname="com.epam.rd.autotasks.figures.CircleTest" time="0.001"/>
  <testcase name="testArea{double, Circle}[3]" classname="com.epam.rd.autotasks.figures.CircleTest" time="0.001"/>
  <testcase name="testArea{double, Circle}[4]" classname="com.epam.rd.autotasks.figures.CircleTest" time="0.001"/>
  <testcase name="testArea{double, Circle}[5]" classname="com.epam.rd.autotasks.figures.CircleTest" time="0"/>
  <testcase name="testToString{String, Circle}[1]" classname="com.epam.rd.autotasks.figures.CircleTest" time="0.001"/>
  <testcase name="testToString{String, Circle}[2]" classname="com.epam.rd.autotasks.figures.CircleTest" time="0"/>
  <testcase name="testToString{String, Circle}[3]" classname="com.epam.rd.autotasks.figures.CircleTest" time="0"/>
  <testcase name="testToString{String, Circle}[4]" classname="com.epam.rd.autotasks.figures.CircleTest" time="0"/>
  <testcase name="testToString{String, Circle}[5]" classname="com.epam.rd.autotasks.figures.CircleTest" time="0"/>
  <testcase name="testPoints{String, Circle}[1]" classname="com.epam.rd.autotasks.figures.CircleTest" time="0.011"/>
  <testcase name="testPoints{String, Circle}[2]" classname="com.epam.rd.autotasks.figures.CircleTest" time="0"/>
  <testcase name="testPoints{String, Circle}[3]" classname="com.epam.rd.autotasks.figures.CircleTest" time="0.001"/>
  <testcase name="testPoints{String, Circle}[4]" classname="com.epam.rd.autotasks.figures.CircleTest" time="0"/>
  <testcase name="testPoints{String, Circle}[5]" classname="com.epam.rd.autotasks.figures.CircleTest" time="0.001"/>
  <testcase name="testConstructor" classname="com.epam.rd.autotasks.figures.CircleTest" time="0.002"/>
</testsuite>