<?xml version="1.0" encoding="UTF-8"?>
<testsuite xmlns:xsi="http://www.w3.org/2001/XMLSchema-instance" xsi:noNamespaceSchemaLocation="https://maven.apache.org/surefire/maven-surefire-plugin/xsd/surefire-test-report.xsd" name="edu.epam.fop.lambdas.calculator.CarInsuranceCalculatorTest" time="0.129" tests="25" errors="0" skipped="0" failures="0">
  <properties>
    <property name="java.specification.version" value="17"/>
    <property name="sun.jnu.encoding" value="UTF-8"/>
    <property name="java.class.path" value="/home/betoh/Area-de-Trabajo/@CURSO/insurance-calculator-exercise/target/test-classes:/home/betoh/Area-de-Trabajo/@CURSO/insurance-calculator-exercise/target/classes:/home/betoh/.m2/repository/org/junit/jupiter/junit-jupiter/5.7.2/junit-jupiter-5.7.2.jar:/home/betoh/.m2/repository/org/junit/jupiter/junit-jupiter-api/5.7.2/junit-jupiter-api-5.7.2.jar:/home/betoh/.m2/repository/org/apiguardian/apiguardian-api/1.1.0/apiguardian-api-1.1.0.jar:/home/betoh/.m2/repository/org/opentest4j/opentest4j/1.2.0/opentest4j-1.2.0.jar:/home/betoh/.m2/repository/org/junit/platform/junit-platform-commons/1.7.2/junit-platform-commons-1.7.2.jar:/home/betoh/.m2/repository/org/junit/jupiter/junit-jupiter-params/5.7.2/junit-jupiter-params-5.7.2.jar:/home/betoh/.m2/repository/org/junit/jupiter/junit-jupiter-engine/5.7.2/junit-jupiter-engine-5.7.2.jar:/home/betoh/.m2/repository/org/junit/platform/junit-platform-engine/1.7.2/junit-platform-engine-1.7.2.jar:"/>
    <property name="java.vm.vendor" value="Ubuntu"/>
    <property name="sun.arch.data.model" value="64"/>
    <property name="java.vendor.url" value="https://ubuntu.com/"/>
    <property name="os.name" value="Linux"/>
    <property name="java.vm.specification.version" value="17"/>
    <property name="sun.java.launcher" value="SUN_STANDARD"/>
    <property name="sun.boot.library.path" value="/usr/lib/jvm/java-17-openjdk-amd64/lib"/>
    <property name="sun.java.command" value="/home/betoh/Area-de-Trabajo/@CURSO/insurance-calculator-exercise/target/surefire/surefirebooter2324685061677511866.jar /home/betoh/Area-de-Trabajo/@CURSO/insurance-calculator-exercise/target/surefire 2024-09-09T18-22-05_717-jvmRun1 surefire11366926153509583268tmp surefire_016919438419755068021tmp"/>
    <property name="jdk.debug" value="release"/>
    <property name="test" value="edu.epam.fop.lambdas.calculator.CarInsuranceCalculatorTest"/>
    <property name="surefire.test.class.path" value="/home/betoh/Area-de-Trabajo/@CURSO/insurance-calculator-exercise/target/test-classes:/home/betoh/Area-de-Trabajo/@CURSO/insurance-calculator-exercise/target/classes:/home/betoh/.m2/repository/org/junit/jupiter/junit-jupiter/5.7.2/junit-jupiter-5.7.2.jar:/home/betoh/.m2/repository/org/junit/jupiter/junit-jupiter-api/5.7.2/junit-jupiter-api-5.7.2.jar:/home/betoh/.m2/repository/org/apiguardian/apiguardian-api/1.1.0/apiguardian-api-1.1.0.jar:/home/betoh/.m2/repository/org/opentest4j/opentest4j/1.2.0/opentest4j-1.2.0.jar:/home/betoh/.m2/repository/org/junit/platform/junit-platform-commons/1.7.2/junit-platform-commons-1.7.2.jar:/home/betoh/.m2/repository/org/junit/jupiter/junit-jupiter-params/5.7.2/junit-jupiter-params-5.7.2.jar:/home/betoh/.m2/repository/org/junit/jupiter/junit-jupiter-engine/5.7.2/junit-jupiter-engine-5.7.2.jar:/home/betoh/.m2/repository/org/junit/platform/junit-platform-engine/1.7.2/junit-platform-engine-1.7.2.jar:"/>
    <property name="sun.cpu.endian" value="little"/>
    <property name="user.home" value="/home/betoh"/>
    <property name="user.language" value="en"/>
    <property name="java.specification.vendor" value="Oracle Corporation"/>
    <property name="java.version.date" value="2024-07-16"/>
    <property name="java.home" value="/usr/lib/jvm/java-17-openjdk-amd64"/>
    <property name="file.separator" value="/"/>
    <property name="basedir" value="/home/betoh/Area-de-Trabajo/@CURSO/insurance-calculator-exercise"/>
    <property name="java.vm.compressedOopsMode" value="32-bit"/>
    <property name="line.separator" value="&#10;"/>
    <property name="java.vm.specification.vendor" value="Oracle Corporation"/>
    <property name="java.specification.name" value="Java Platform API Specification"/>
    <property name="surefire.real.class.path" value="/home/betoh/Area-de-Trabajo/@CURSO/insurance-calculator-exercise/target/surefire/surefirebooter2324685061677511866.jar"/>
    <property name="sun.management.compiler" value="HotSpot 64-Bit Tiered Compilers"/>
    <property name="java.runtime.version" value="17.0.12+7-Ubuntu-1ubuntu222.04"/>
    <property name="user.name" value="betoh"/>
    <property name="path.separator" value=":"/>
    <property name="os.version" value="5.15.133.1-microsoft-standard-WSL2"/>
    <property name="java.runtime.name" value="OpenJDK Runtime Environment"/>
    <property name="file.encoding" value="UTF-8"/>
    <property name="java.vm.name" value="OpenJDK 64-Bit Server VM"/>
    <property name="maven.ext.class.path" value="/home/betoh/.vscode-server/extensions/oracle.oracle-java-22.1.2/nbcode/java/maven-nblib/netbeans-eventspy.jar"/>
    <property name="localRepository" value="/home/betoh/.m2/repository"/>
    <property name="java.vendor.url.bug" value="https://bugs.launchpad.net/ubuntu/+source/openjdk-17"/>
    <property name="java.io.tmpdir" value="/tmp"/>
    <property name="java.version" value="17.0.12"/>
    <property name="user.dir" value="/home/betoh/Area-de-Trabajo/@CURSO/insurance-calculator-exercise"/>
    <property name="os.arch" value="amd64"/>
    <property name="java.vm.specification.name" value="Java Virtual Machine Specification"/>
    <property name="native.encoding" value="UTF-8"/>
    <property name="java.library.path" value="/usr/java/packages/lib:/usr/lib/x86_64-linux-gnu/jni:/lib/x86_64-linux-gnu:/usr/lib/x86_64-linux-gnu:/usr/lib/jni:/lib:/usr/lib"/>
    <property name="java.vm.info" value="mixed mode, sharing"/>
    <property name="java.vendor" value="Ubuntu"/>
    <property name="java.vm.version" value="17.0.12+7-Ubuntu-1ubuntu222.04"/>
    <property name="sun.io.unicode.encoding" value="UnicodeLittle"/>
    <property name="java.class.version" value="61.0"/>
  </properties>
  <testcase name="testPriceAndOwningOfFreshCarInsurance{InsuranceCalculator, Car, InsuranceCoefficient}[1]" classname="edu.epam.fop.lambdas.calculator.CarInsuranceCalculatorTest" time="0.026"/>
  <testcase name="testPriceAndOwningOfFreshCarInsurance{InsuranceCalculator, Car, InsuranceCoefficient}[2]" classname="edu.epam.fop.lambdas.calculator.CarInsuranceCalculatorTest" time="0.002"/>
  <testcase name="testPriceAndOwningOfFreshCarInsurance{InsuranceCalculator, Car, InsuranceCoefficient}[3]" classname="edu.epam.fop.lambdas.calculator.CarInsuranceCalculatorTest" time="0.001"/>
  <testcase name="testPriceAndOwningOfFreshCarInsurance{InsuranceCalculator, Car, InsuranceCoefficient}[4]" classname="edu.epam.fop.lambdas.calculator.CarInsuranceCalculatorTest" time="0.001"/>
  <testcase name="testPriceAndOwningOfFreshCarInsurance{InsuranceCalculator, Car, InsuranceCoefficient}[5]" classname="edu.epam.fop.lambdas.calculator.CarInsuranceCalculatorTest" time="0.002"/>
  <testcase name="testPriceAndOwningOfFreshCarInsurance{InsuranceCalculator, Car, InsuranceCoefficient}[6]" classname="edu.epam.fop.lambdas.calculator.CarInsuranceCalculatorTest" time="0.009"/>
  <testcase name="testPriceAndOwningOfFreshCarInsurance{InsuranceCalculator, Car, InsuranceCoefficient}[7]" classname="edu.epam.fop.lambdas.calculator.CarInsuranceCalculatorTest" time="0"/>
  <testcase name="testPriceAndOwningOfFreshCarInsurance{InsuranceCalculator, Car, InsuranceCoefficient}[8]" classname="edu.epam.fop.lambdas.calculator.CarInsuranceCalculatorTest" time="0.002"/>
  <testcase name="testPriceAndOwningOfFreshCarInsurance{InsuranceCalculator, Car, InsuranceCoefficient}[9]" classname="edu.epam.fop.lambdas.calculator.CarInsuranceCalculatorTest" time="0.001"/>
  <testcase name="testPriceAndOwningOfFreshCarInsurance{InsuranceCalculator, Car, InsuranceCoefficient}[10]" classname="edu.epam.fop.lambdas.calculator.CarInsuranceCalculatorTest" time="0.001"/>
  <testcase name="testPriceAndOwningOfFreshCarInsurance{InsuranceCalculator, Car, InsuranceCoefficient}[11]" classname="edu.epam.fop.lambdas.calculator.CarInsuranceCalculatorTest" time="0"/>
  <testcase name="testAgeDependentCar{InsuranceCalculator, Car, InsuranceCoefficient}[1]" classname="edu.epam.fop.lambdas.calculator.CarInsuranceCalculatorTest" time="0"/>
  <testcase name="testAgeDependentCar{InsuranceCalculator, Car, InsuranceCoefficient}[2]" classname="edu.epam.fop.lambdas.calculator.CarInsuranceCalculatorTest" time="0.001"/>
  <testcase name="testAgeDependentCar{InsuranceCalculator, Car, InsuranceCoefficient}[3]" classname="edu.epam.fop.lambdas.calculator.CarInsuranceCalculatorTest" time="0.001"/>
  <testcase name="testAgeDependentCar{InsuranceCalculator, Car, InsuranceCoefficient}[4]" classname="edu.epam.fop.lambdas.calculator.CarInsuranceCalculatorTest" time="0.001"/>
  <testcase name="testAgeDependentCar{InsuranceCalculator, Car, InsuranceCoefficient}[5]" classname="edu.epam.fop.lambdas.calculator.CarInsuranceCalculatorTest" time="0.001"/>
  <testcase name="testAgeDependentCar{InsuranceCalculator, Car, InsuranceCoefficient}[6]" classname="edu.epam.fop.lambdas.calculator.CarInsuranceCalculatorTest" time="0.001"/>
  <testcase name="testAgeDependentCar{InsuranceCalculator, Car, InsuranceCoefficient}[7]" classname="edu.epam.fop.lambdas.calculator.CarInsuranceCalculatorTest" time="0.001"/>
  <testcase name="testAgeDependentCar{InsuranceCalculator, Car, InsuranceCoefficient}[8]" classname="edu.epam.fop.lambdas.calculator.CarInsuranceCalculatorTest" time="0.001"/>
  <testcase name="testAgeDependentCar{InsuranceCalculator, Car, InsuranceCoefficient}[9]" classname="edu.epam.fop.lambdas.calculator.CarInsuranceCalculatorTest" time="0.001"/>
  <testcase name="testAgeDependentCar{InsuranceCalculator, Car, InsuranceCoefficient}[10]" classname="edu.epam.fop.lambdas.calculator.CarInsuranceCalculatorTest" time="0.001"/>
  <testcase name="testAgeDependentCar{InsuranceCalculator, Car, InsuranceCoefficient}[11]" classname="edu.epam.fop.lambdas.calculator.CarInsuranceCalculatorTest" time="0"/>
  <testcase name="testAgeDependentCar{InsuranceCalculator, Car, InsuranceCoefficient}[12]" classname="edu.epam.fop.lambdas.calculator.CarInsuranceCalculatorTest" time="0"/>
  <testcase name="testAgeDependentCar{InsuranceCalculator, Car, InsuranceCoefficient}[13]" classname="edu.epam.fop.lambdas.calculator.CarInsuranceCalculatorTest" time="0"/>
  <testcase name="testAgeDependentCar{InsuranceCalculator, Car, InsuranceCoefficient}[14]" classname="edu.epam.fop.lambdas.calculator.CarInsuranceCalculatorTest" time="0.001"/>
</testsuite>