<?xml version="1.0" encoding="UTF-8"?>
<testsuite xmlns:xsi="http://www.w3.org/2001/XMLSchema-instance" xsi:noNamespaceSchemaLocation="https://maven.apache.org/surefire/maven-surefire-plugin/xsd/surefire-test-report.xsd" name="com.epam.rd.autotasks.collections.map.ComplianceTest" time="1.073" tests="5" errors="0" skipped="0" failures="0">
  <properties>
    <property name="java.specification.version" value="21"/>
    <property name="sun.jnu.encoding" value="UTF-8"/>
    <property name="java.class.path" value="/home/betoh/Area-de-Trabajo/bookscatalog-task/target/test-classes:/home/betoh/Area-de-Trabajo/bookscatalog-task/target/classes:/home/betoh/.m2/repository/com/tngtech/archunit/archunit-junit5-api/1.0.0/archunit-junit5-api-1.0.0.jar:/home/betoh/.m2/repository/com/tngtech/archunit/archunit/1.0.0/archunit-1.0.0.jar:/home/betoh/.m2/repository/com/tngtech/archunit/archunit-junit5-engine/1.2.1/archunit-junit5-engine-1.2.1.jar:/home/betoh/.m2/repository/com/tngtech/archunit/archunit-junit5-engine-api/1.2.1/archunit-junit5-engine-api-1.2.1.jar:/home/betoh/.m2/repository/org/junit/jupiter/junit-jupiter-engine/5.9.0/junit-jupiter-engine-5.9.0.jar:/home/betoh/.m2/repository/org/junit/platform/junit-platform-engine/1.9.0/junit-platform-engine-1.9.0.jar:/home/betoh/.m2/repository/org/apiguardian/apiguardian-api/1.1.2/apiguardian-api-1.1.2.jar:/home/betoh/.m2/repository/org/junit/jupiter/junit-jupiter-api/5.9.0/junit-jupiter-api-5.9.0.jar:/home/betoh/.m2/repository/org/opentest4j/opentest4j/1.2.0/opentest4j-1.2.0.jar:/home/betoh/.m2/repository/org/junit/platform/junit-platform-commons/1.9.0/junit-platform-commons-1.9.0.jar:/home/betoh/.m2/repository/org/junit/jupiter/junit-jupiter-params/5.9.0/junit-jupiter-params-5.9.0.jar:/home/betoh/.m2/repository/org/junit/platform/junit-platform-suite-api/1.8.2/junit-platform-suite-api-1.8.2.jar:/home/betoh/.m2/repository/org/junit/platform/junit-platform-suite-engine/1.8.2/junit-platform-suite-engine-1.8.2.jar:/home/betoh/.m2/repository/org/junit/platform/junit-platform-suite-commons/1.8.2/junit-platform-suite-commons-1.8.2.jar:/home/betoh/.m2/repository/org/junit/platform/junit-platform-launcher/1.8.2/junit-platform-launcher-1.8.2.jar:/home/betoh/.m2/repository/org/junit/vintage/junit-vintage-engine/5.9.0/junit-vintage-engine-5.9.0.jar:/home/betoh/.m2/repository/junit/junit/4.13.2/junit-4.13.2.jar:/home/betoh/.m2/repository/org/hamcrest/hamcrest-core/1.3/hamcrest-core-1.3.jar:/home/betoh/.m2/repository/fr/inria/gforge/spoon/spoon-core/10.4.2/spoon-core-10.4.2.jar:/home/betoh/.m2/repository/org/eclipse/jdt/org.eclipse.jdt.core/3.33.0/org.eclipse.jdt.core-3.33.0.jar:/home/betoh/.m2/repository/org/eclipse/jdt/ecj/3.33.0/ecj-3.33.0.jar:/home/betoh/.m2/repository/com/martiansoftware/jsap/2.1/jsap-2.1.jar:/home/betoh/.m2/repository/org/slf4j/slf4j-api/1.7.36/slf4j-api-1.7.36.jar:/home/betoh/.m2/repository/commons-io/commons-io/2.14.0/commons-io-2.14.0.jar:/home/betoh/.m2/repository/org/apache/maven/maven-model/3.6.0/maven-model-3.6.0.jar:/home/betoh/.m2/repository/org/codehaus/plexus/plexus-utils/3.1.0/plexus-utils-3.1.0.jar:/home/betoh/.m2/repository/org/apache/commons/commons-lang3/3.13.0/commons-lang3-3.13.0.jar:/home/betoh/.m2/repository/com/fasterxml/jackson/core/jackson-databind/2.15.2/jackson-databind-2.15.2.jar:/home/betoh/.m2/repository/com/fasterxml/jackson/core/jackson-annotations/2.15.2/jackson-annotations-2.15.2.jar:/home/betoh/.m2/repository/com/fasterxml/jackson/core/jackson-core/2.15.2/jackson-core-2.15.2.jar:/home/betoh/.m2/repository/org/apache/commons/commons-compress/1.24.0/commons-compress-1.24.0.jar:/home/betoh/.m2/repository/org/jspecify/jspecify/0.3.0/jspecify-0.3.0.jar:/home/betoh/.m2/repository/org/apache/maven/shared/maven-invoker/3.2.0/maven-invoker-3.2.0.jar:/home/betoh/.m2/repository/org/apache/maven/shared/maven-shared-utils/3.3.4/maven-shared-utils-3.3.4.jar:/home/betoh/.m2/repository/javax/inject/javax.inject/1/javax.inject-1.jar:/home/betoh/.m2/repository/org/slf4j/slf4j-simple/1.7.36/slf4j-simple-1.7.36.jar:"/>
    <property name="java.vm.vendor" value="Ubuntu"/>
    <property name="sun.arch.data.model" value="64"/>
    <property name="java.vendor.url" value="https://ubuntu.com/"/>
    <property name="os.name" value="Linux"/>
    <property name="java.vm.specification.version" value="21"/>
    <property name="sun.java.launcher" value="SUN_STANDARD"/>
    <property name="sun.boot.library.path" value="/usr/lib/jvm/java-21-openjdk-amd64/lib"/>
    <property name="sun.java.command" value="/home/betoh/Area-de-Trabajo/bookscatalog-task/target/surefire/surefirebooter13908968553128206909.jar /home/betoh/Area-de-Trabajo/bookscatalog-task/target/surefire 2024-08-13T16-18-44_209-jvmRun1 surefire12371435188787736424tmp surefire_0181980860674469858tmp"/>
    <property name="jdk.debug" value="release"/>
    <property name="test" value="${packageClassName}"/>
    <property name="surefire.test.class.path" value="/home/betoh/Area-de-Trabajo/bookscatalog-task/target/test-classes:/home/betoh/Area-de-Trabajo/bookscatalog-task/target/classes:/home/betoh/.m2/repository/com/tngtech/archunit/archunit-junit5-api/1.0.0/archunit-junit5-api-1.0.0.jar:/home/betoh/.m2/repository/com/tngtech/archunit/archunit/1.0.0/archunit-1.0.0.jar:/home/betoh/.m2/repository/com/tngtech/archunit/archunit-junit5-engine/1.2.1/archunit-junit5-engine-1.2.1.jar:/home/betoh/.m2/repository/com/tngtech/archunit/archunit-junit5-engine-api/1.2.1/archunit-junit5-engine-api-1.2.1.jar:/home/betoh/.m2/repository/org/junit/jupiter/junit-jupiter-engine/5.9.0/junit-jupiter-engine-5.9.0.jar:/home/betoh/.m2/repository/org/junit/platform/junit-platform-engine/1.9.0/junit-platform-engine-1.9.0.jar:/home/betoh/.m2/repository/org/apiguardian/apiguardian-api/1.1.2/apiguardian-api-1.1.2.jar:/home/betoh/.m2/repository/org/junit/jupiter/junit-jupiter-api/5.9.0/junit-jupiter-api-5.9.0.jar:/home/betoh/.m2/repository/org/opentest4j/opentest4j/1.2.0/opentest4j-1.2.0.jar:/home/betoh/.m2/repository/org/junit/platform/junit-platform-commons/1.9.0/junit-platform-commons-1.9.0.jar:/home/betoh/.m2/repository/org/junit/jupiter/junit-jupiter-params/5.9.0/junit-jupiter-params-5.9.0.jar:/home/betoh/.m2/repository/org/junit/platform/junit-platform-suite-api/1.8.2/junit-platform-suite-api-1.8.2.jar:/home/betoh/.m2/repository/org/junit/platform/junit-platform-suite-engine/1.8.2/junit-platform-suite-engine-1.8.2.jar:/home/betoh/.m2/repository/org/junit/platform/junit-platform-suite-commons/1.8.2/junit-platform-suite-commons-1.8.2.jar:/home/betoh/.m2/repository/org/junit/platform/junit-platform-launcher/1.8.2/junit-platform-launcher-1.8.2.jar:/home/betoh/.m2/repository/org/junit/vintage/junit-vintage-engine/5.9.0/junit-vintage-engine-5.9.0.jar:/home/betoh/.m2/repository/junit/junit/4.13.2/junit-4.13.2.jar:/home/betoh/.m2/repository/org/hamcrest/hamcrest-core/1.3/hamcrest-core-1.3.jar:/home/betoh/.m2/repository/fr/inria/gforge/spoon/spoon-core/10.4.2/spoon-core-10.4.2.jar:/home/betoh/.m2/repository/org/eclipse/jdt/org.eclipse.jdt.core/3.33.0/org.eclipse.jdt.core-3.33.0.jar:/home/betoh/.m2/repository/org/eclipse/jdt/ecj/3.33.0/ecj-3.33.0.jar:/home/betoh/.m2/repository/com/martiansoftware/jsap/2.1/jsap-2.1.jar:/home/betoh/.m2/repository/org/slf4j/slf4j-api/1.7.36/slf4j-api-1.7.36.jar:/home/betoh/.m2/repository/commons-io/commons-io/2.14.0/commons-io-2.14.0.jar:/home/betoh/.m2/repository/org/apache/maven/maven-model/3.6.0/maven-model-3.6.0.jar:/home/betoh/.m2/repository/org/codehaus/plexus/plexus-utils/3.1.0/plexus-utils-3.1.0.jar:/home/betoh/.m2/repository/org/apache/commons/commons-lang3/3.13.0/commons-lang3-3.13.0.jar:/home/betoh/.m2/repository/com/fasterxml/jackson/core/jackson-databind/2.15.2/jackson-databind-2.15.2.jar:/home/betoh/.m2/repository/com/fasterxml/jackson/core/jackson-annotations/2.15.2/jackson-annotations-2.15.2.jar:/home/betoh/.m2/repository/com/fasterxml/jackson/core/jackson-core/2.15.2/jackson-core-2.15.2.jar:/home/betoh/.m2/repository/org/apache/commons/commons-compress/1.24.0/commons-compress-1.24.0.jar:/home/betoh/.m2/repository/org/jspecify/jspecify/0.3.0/jspecify-0.3.0.jar:/home/betoh/.m2/repository/org/apache/maven/shared/maven-invoker/3.2.0/maven-invoker-3.2.0.jar:/home/betoh/.m2/repository/org/apache/maven/shared/maven-shared-utils/3.3.4/maven-shared-utils-3.3.4.jar:/home/betoh/.m2/repository/javax/inject/javax.inject/1/javax.inject-1.jar:/home/betoh/.m2/repository/org/slf4j/slf4j-simple/1.7.36/slf4j-simple-1.7.36.jar:"/>
    <property name="sun.cpu.endian" value="little"/>
    <property name="user.home" value="/home/betoh"/>
    <property name="user.language" value="en"/>
    <property name="java.specification.vendor" value="Oracle Corporation"/>
    <property name="java.version.date" value="2024-07-16"/>
    <property name="java.home" value="/usr/lib/jvm/java-21-openjdk-amd64"/>
    <property name="file.separator" value="/"/>
    <property name="basedir" value="/home/betoh/Area-de-Trabajo/bookscatalog-task"/>
    <property name="java.vm.compressedOopsMode" value="32-bit"/>
    <property name="line.separator" value="&#10;"/>
    <property name="java.vm.specification.vendor" value="Oracle Corporation"/>
    <property name="java.specification.name" value="Java Platform API Specification"/>
    <property name="surefire.real.class.path" value="/home/betoh/Area-de-Trabajo/bookscatalog-task/target/surefire/surefirebooter13908968553128206909.jar"/>
    <property name="sun.management.compiler" value="HotSpot 64-Bit Tiered Compilers"/>
    <property name="java.runtime.version" value="21.0.4+7-Ubuntu-1ubuntu222.04"/>
    <property name="user.name" value="betoh"/>
    <property name="stdout.encoding" value="UTF-8"/>
    <property name="path.separator" value=":"/>
    <property name="os.version" value="5.15.133.1-microsoft-standard-WSL2"/>
    <property name="java.runtime.name" value="OpenJDK Runtime Environment"/>
    <property name="file.encoding" value="UTF-8"/>
    <property name="java.vm.name" value="OpenJDK 64-Bit Server VM"/>
    <property name="maven.ext.class.path" value="/home/betoh/.vscode-server/extensions/oracle.oracle-java-22.1.1/nbcode/java/maven-nblib/netbeans-eventspy.jar"/>
    <property name="localRepository" value="/home/betoh/.m2/repository"/>
    <property name="java.vendor.url.bug" value="https://bugs.launchpad.net/ubuntu/+source/openjdk-21"/>
    <property name="java.io.tmpdir" value="/tmp"/>
    <property name="java.version" value="21.0.4"/>
    <property name="user.dir" value="/home/betoh/Area-de-Trabajo/bookscatalog-task"/>
    <property name="os.arch" value="amd64"/>
    <property name="java.vm.specification.name" value="Java Virtual Machine Specification"/>
    <property name="native.encoding" value="UTF-8"/>
    <property name="java.library.path" value="/usr/java/packages/lib:/usr/lib/x86_64-linux-gnu/jni:/lib/x86_64-linux-gnu:/usr/lib/x86_64-linux-gnu:/usr/lib/jni:/lib:/usr/lib"/>
    <property name="stderr.encoding" value="UTF-8"/>
    <property name="java.vm.info" value="mixed mode, sharing"/>
    <property name="java.vendor" value="Ubuntu"/>
    <property name="java.vm.version" value="21.0.4+7-Ubuntu-1ubuntu222.04"/>
    <property name="sun.io.unicode.encoding" value="UnicodeLittle"/>
    <property name="java.class.version" value="65.0"/>
  </properties>
  <testcase name="testComplianceFori" classname="com.epam.rd.autotasks.collections.map.ComplianceTest" time="0.022"/>
  <testcase name="testComplianceLambda" classname="com.epam.rd.autotasks.collections.map.ComplianceTest" time="0.004"/>
  <testcase name="testNoMorePublicMethods" classname="com.epam.rd.autotasks.collections.map.ComplianceTest" time="0.009"/>
  <testcase name="testNoArrays" classname="com.epam.rd.autotasks.collections.map.ComplianceTest" time="0.007"/>
  <testcase name="testNoMoreFieldsInImpl" classname="com.epam.rd.autotasks.collections.map.ComplianceTest" time="0.006"/>
</testsuite>