<?xml version="1.0" encoding="UTF-8"?>
<testsuite xmlns:xsi="http://www.w3.org/2001/XMLSchema-instance" xsi:noNamespaceSchemaLocation="https://maven.apache.org/surefire/maven-surefire-plugin/xsd/surefire-test-report.xsd" name="com.epam.autotasks.ConsoleReaderTest" time="0.141" tests="18" errors="0" skipped="0" failures="0">
  <properties>
    <property name="java.specification.version" value="17"/>
    <property name="sun.jnu.encoding" value="UTF-8"/>
    <property name="java.class.path" value="/home/betoh/Area-de-Trabajo/console-reader/target/test-classes:/home/betoh/Area-de-Trabajo/console-reader/target/classes:/home/betoh/.m2/repository/org/junit/jupiter/junit-jupiter/5.7.2/junit-jupiter-5.7.2.jar:/home/betoh/.m2/repository/org/junit/jupiter/junit-jupiter-api/5.7.2/junit-jupiter-api-5.7.2.jar:/home/betoh/.m2/repository/org/apiguardian/apiguardian-api/1.1.0/apiguardian-api-1.1.0.jar:/home/betoh/.m2/repository/org/opentest4j/opentest4j/1.2.0/opentest4j-1.2.0.jar:/home/betoh/.m2/repository/org/junit/platform/junit-platform-commons/1.7.2/junit-platform-commons-1.7.2.jar:/home/betoh/.m2/repository/org/junit/jupiter/junit-jupiter-params/5.7.2/junit-jupiter-params-5.7.2.jar:/home/betoh/.m2/repository/org/junit/jupiter/junit-jupiter-engine/5.7.2/junit-jupiter-engine-5.7.2.jar:/home/betoh/.m2/repository/org/junit/platform/junit-platform-engine/1.7.2/junit-platform-engine-1.7.2.jar:"/>
    <property name="java.vm.vendor" value="Ubuntu"/>
    <property name="sun.arch.data.model" value="64"/>
    <property name="java.vendor.url" value="https://ubuntu.com/"/>
    <property name="os.name" value="Linux"/>
    <property name="java.vm.specification.version" value="17"/>
    <property name="sun.java.launcher" value="SUN_STANDARD"/>
    <property name="sun.boot.library.path" value="/usr/lib/jvm/java-17-openjdk-amd64/lib"/>
    <property name="sun.java.command" value="/home/betoh/Area-de-Trabajo/console-reader/target/surefire/surefirebooter8003071033797920011.jar /home/betoh/Area-de-Trabajo/console-reader/target/surefire 2024-08-27T19-24-35_079-jvmRun1 surefire5979451554824312672tmp surefire_015687763512336053326tmp"/>
    <property name="jdk.debug" value="release"/>
    <property name="test" value="com.epam.autotasks.ConsoleReaderTest"/>
    <property name="surefire.test.class.path" value="/home/betoh/Area-de-Trabajo/console-reader/target/test-classes:/home/betoh/Area-de-Trabajo/console-reader/target/classes:/home/betoh/.m2/repository/org/junit/jupiter/junit-jupiter/5.7.2/junit-jupiter-5.7.2.jar:/home/betoh/.m2/repository/org/junit/jupiter/junit-jupiter-api/5.7.2/junit-jupiter-api-5.7.2.jar:/home/betoh/.m2/repository/org/apiguardian/apiguardian-api/1.1.0/apiguardian-api-1.1.0.jar:/home/betoh/.m2/repository/org/opentest4j/opentest4j/1.2.0/opentest4j-1.2.0.jar:/home/betoh/.m2/repository/org/junit/platform/junit-platform-commons/1.7.2/junit-platform-commons-1.7.2.jar:/home/betoh/.m2/repository/org/junit/jupiter/junit-jupiter-params/5.7.2/junit-jupiter-params-5.7.2.jar:/home/betoh/.m2/repository/org/junit/jupiter/junit-jupiter-engine/5.7.2/junit-jupiter-engine-5.7.2.jar:/home/betoh/.m2/repository/org/junit/platform/junit-platform-engine/1.7.2/junit-platform-engine-1.7.2.jar:"/>
    <property name="sun.cpu.endian" value="little"/>
    <property name="user.home" value="/home/betoh"/>
    <property name="user.language" value="en"/>
    <property name="java.specification.vendor" value="Oracle Corporation"/>
    <property name="java.version.date" value="2024-07-16"/>
    <property name="java.home" value="/usr/lib/jvm/java-17-openjdk-amd64"/>
    <property name="file.separator" value="/"/>
    <property name="basedir" value="/home/betoh/Area-de-Trabajo/console-reader"/>
    <property name="java.vm.compressedOopsMode" value="32-bit"/>
    <property name="line.separator" value="&#10;"/>
    <property name="java.vm.specification.vendor" value="Oracle Corporation"/>
    <property name="java.specification.name" value="Java Platform API Specification"/>
    <property name="surefire.real.class.path" value="/home/betoh/Area-de-Trabajo/console-reader/target/surefire/surefirebooter8003071033797920011.jar"/>
    <property name="sun.management.compiler" value="HotSpot 64-Bit Tiered Compilers"/>
    <property name="java.runtime.version" value="17.0.12+7-Ubuntu-1ubuntu222.04"/>
    <property name="user.name" value="betoh"/>
    <property name="path.separator" value=":"/>
    <property name="os.version" value="5.15.133.1-microsoft-standard-WSL2"/>
    <property name="java.runtime.name" value="OpenJDK Runtime Environment"/>
    <property name="file.encoding" value="UTF-8"/>
    <property name="java.vm.name" value="OpenJDK 64-Bit Server VM"/>
    <property name="maven.ext.class.path" value="/home/betoh/.vscode-server/extensions/oracle.oracle-java-22.1.1/nbcode/java/maven-nblib/netbeans-eventspy.jar"/>
    <property name="localRepository" value="/home/betoh/.m2/repository"/>
    <property name="java.vendor.url.bug" value="https://bugs.launchpad.net/ubuntu/+source/openjdk-17"/>
    <property name="java.io.tmpdir" value="/tmp"/>
    <property name="java.version" value="17.0.12"/>
    <property name="user.dir" value="/home/betoh/Area-de-Trabajo/console-reader"/>
    <property name="os.arch" value="amd64"/>
    <property name="java.vm.specification.name" value="Java Virtual Machine Specification"/>
    <property name="native.encoding" value="UTF-8"/>
    <property name="java.library.path" value="/usr/java/packages/lib:/usr/lib/x86_64-linux-gnu/jni:/lib/x86_64-linux-gnu:/usr/lib/x86_64-linux-gnu:/usr/lib/jni:/lib:/usr/lib"/>
    <property name="java.vm.info" value="mixed mode, sharing"/>
    <property name="java.vendor" value="Ubuntu"/>
    <property name="java.vm.version" value="17.0.12+7-Ubuntu-1ubuntu222.04"/>
    <property name="sun.io.unicode.encoding" value="UnicodeLittle"/>
    <property name="java.class.version" value="61.0"/>
  </properties>
  <testcase name="shouldReturnNumbersAndCountWhenValidValues{String, String}[1]" classname="com.epam.autotasks.ConsoleReaderTest" time="0.038"/>
  <testcase name="shouldReturnNumbersAndCountWhenValidValues{String, String}[2]" classname="com.epam.autotasks.ConsoleReaderTest" time="0.001"/>
  <testcase name="shouldReturnNumbersAndCountWhenValidValues{String, String}[3]" classname="com.epam.autotasks.ConsoleReaderTest" time="0.002"/>
  <testcase name="shouldReturnNumbersAndCountWhenValidValues{String, String}[4]" classname="com.epam.autotasks.ConsoleReaderTest" time="0.001"/>
  <testcase name="shouldThrowExceptionWheInvalidValues{String}[1]" classname="com.epam.autotasks.ConsoleReaderTest" time="0.004"/>
  <testcase name="shouldThrowExceptionWheInvalidValues{String}[2]" classname="com.epam.autotasks.ConsoleReaderTest" time="0.001"/>
  <testcase name="shouldThrowExceptionWheInvalidValues{String}[3]" classname="com.epam.autotasks.ConsoleReaderTest" time="0"/>
  <testcase name="shouldThrowExceptionWheInvalidValues{String}[4]" classname="com.epam.autotasks.ConsoleReaderTest" time="0"/>
  <testcase name="shouldThrowExceptionWheInvalidValues{List}[1]" classname="com.epam.autotasks.ConsoleReaderTest" time="0.003"/>
  <testcase name="shouldThrowExceptionWheInvalidValues{List}[2]" classname="com.epam.autotasks.ConsoleReaderTest" time="0.001"/>
  <testcase name="shouldThrowExceptionWheInvalidValues{List}[3]" classname="com.epam.autotasks.ConsoleReaderTest" time="0.001"/>
  <testcase name="shouldThrowExceptionWheInvalidValues{List}[4]" classname="com.epam.autotasks.ConsoleReaderTest" time="0.001"/>
  <testcase name="shouldReturnNameCountWhenValidValues{String, List}[1]" classname="com.epam.autotasks.ConsoleReaderTest" time="0.001"/>
  <testcase name="shouldReturnNameCountWhenValidValues{String, List}[2]" classname="com.epam.autotasks.ConsoleReaderTest" time="0.001"/>
  <testcase name="shouldReturnNameCountWhenValidValues{String, List}[3]" classname="com.epam.autotasks.ConsoleReaderTest" time="0.002"/>
  <testcase name="shouldReturnNameCountWhenValidValues{String, List}[4]" classname="com.epam.autotasks.ConsoleReaderTest" time="0.002"/>
  <testcase name="shouldReturnNameCountWhenValidValues{String, List}[5]" classname="com.epam.autotasks.ConsoleReaderTest" time="0"/>
  <testcase name="shouldReturnNameCountWhenValidValues{String, List}[6]" classname="com.epam.autotasks.ConsoleReaderTest" time="0"/>
</testsuite>