<?xml version="1.0" encoding="UTF-8"?>
<testsuite xmlns:xsi="http://www.w3.org/2001/XMLSchema-instance" xsi:noNamespaceSchemaLocation="https://maven.apache.org/surefire/maven-surefire-plugin/xsd/surefire-test-report.xsd" name="com.epam.rd.autotasks.collections.BirthJournalManagementImplTest" time="0.355" tests="39" errors="0" skipped="0" failures="0">
  <properties>
    <property name="java.specification.version" value="21"/>
    <property name="sun.jnu.encoding" value="UTF-8"/>
    <property name="java.class.path" value="/home/betoh/Area-de-Trabajo/@CURSO/maternity-hospital-journal-exercise/target/test-classes:/home/betoh/Area-de-Trabajo/@CURSO/maternity-hospital-journal-exercise/target/classes:/home/betoh/.m2/repository/com/tngtech/archunit/archunit-junit5/1.0.0/archunit-junit5-1.0.0.jar:/home/betoh/.m2/repository/com/tngtech/archunit/archunit-junit5-api/1.0.0/archunit-junit5-api-1.0.0.jar:/home/betoh/.m2/repository/com/tngtech/archunit/archunit-junit5-engine/1.0.0/archunit-junit5-engine-1.0.0.jar:/home/betoh/.m2/repository/com/tngtech/archunit/archunit/1.0.0/archunit-1.0.0.jar:/home/betoh/.m2/repository/com/tngtech/archunit/archunit-junit5-engine-api/1.0.0/archunit-junit5-engine-api-1.0.0.jar:/home/betoh/.m2/repository/fr/inria/gforge/spoon/spoon-core/10.1.1/spoon-core-10.1.1.jar:/home/betoh/.m2/repository/org/eclipse/jdt/org.eclipse.jdt.core/3.29.0/org.eclipse.jdt.core-3.29.0.jar:/home/betoh/.m2/repository/com/martiansoftware/jsap/2.1/jsap-2.1.jar:/home/betoh/.m2/repository/commons-io/commons-io/2.11.0/commons-io-2.11.0.jar:/home/betoh/.m2/repository/org/apache/maven/maven-model/4.0.0-beta-3/maven-model-4.0.0-beta-3.jar:/home/betoh/.m2/repository/org/apache/maven/maven-api-model/4.0.0-beta-3/maven-api-model-4.0.0-beta-3.jar:/home/betoh/.m2/repository/org/apache/maven/maven-api-xml/4.0.0-beta-3/maven-api-xml-4.0.0-beta-3.jar:/home/betoh/.m2/repository/org/apache/maven/maven-api-meta/4.0.0-beta-3/maven-api-meta-4.0.0-beta-3.jar:/home/betoh/.m2/repository/org/apache/maven/maven-api-impl/4.0.0-beta-3/maven-api-impl-4.0.0-beta-3.jar:/home/betoh/.m2/repository/org/apache/maven/maven-api-core/4.0.0-beta-3/maven-api-core-4.0.0-beta-3.jar:/home/betoh/.m2/repository/org/apache/maven/maven-api-plugin/4.0.0-beta-3/maven-api-plugin-4.0.0-beta-3.jar:/home/betoh/.m2/repository/org/apache/maven/maven-api-spi/4.0.0-beta-3/maven-api-spi-4.0.0-beta-3.jar:/home/betoh/.m2/repository/org/apache/maven/maven-api-metadata/4.0.0-beta-3/maven-api-metadata-4.0.0-beta-3.jar:/home/betoh/.m2/repository/org/apache/maven/maven-api-toolchain/4.0.0-beta-3/maven-api-toolchain-4.0.0-beta-3.jar:/home/betoh/.m2/repository/org/apache/maven/maven-api-di/4.0.0-beta-3/maven-api-di-4.0.0-beta-3.jar:/home/betoh/.m2/repository/org/apache/maven/maven-api-settings/4.0.0-beta-3/maven-api-settings-4.0.0-beta-3.jar:/home/betoh/.m2/repository/org/apache/maven/resolver/maven-resolver-api/2.0.0-alpha-11/maven-resolver-api-2.0.0-alpha-11.jar:/home/betoh/.m2/repository/org/apache/maven/resolver/maven-resolver-spi/2.0.0-alpha-11/maven-resolver-spi-2.0.0-alpha-11.jar:/home/betoh/.m2/repository/org/apache/maven/resolver/maven-resolver-util/2.0.0-alpha-11/maven-resolver-util-2.0.0-alpha-11.jar:/home/betoh/.m2/repository/org/apache/maven/maven-xml-impl/4.0.0-beta-3/maven-xml-impl-4.0.0-beta-3.jar:/home/betoh/.m2/repository/org/codehaus/plexus/plexus-interpolation/1.27/plexus-interpolation-1.27.jar:/home/betoh/.m2/repository/com/fasterxml/woodstox/woodstox-core/6.6.2/woodstox-core-6.6.2.jar:/home/betoh/.m2/repository/org/codehaus/woodstox/stax2-api/4.2.1/stax2-api-4.2.1.jar:/home/betoh/.m2/repository/org/apache/maven/resolver/maven-resolver-impl/2.0.0-alpha-11/maven-resolver-impl-2.0.0-alpha-11.jar:/home/betoh/.m2/repository/org/apache/maven/resolver/maven-resolver-named-locks/2.0.0-alpha-11/maven-resolver-named-locks-2.0.0-alpha-11.jar:/home/betoh/.m2/repository/org/codehaus/plexus/plexus-xml/4.0.4/plexus-xml-4.0.4.jar:/home/betoh/.m2/repository/org/apache/commons/commons-lang3/3.12.0/commons-lang3-3.12.0.jar:/home/betoh/.m2/repository/com/fasterxml/jackson/core/jackson-databind/2.13.2.2/jackson-databind-2.13.2.2.jar:/home/betoh/.m2/repository/com/fasterxml/jackson/core/jackson-annotations/2.13.2/jackson-annotations-2.13.2.jar:/home/betoh/.m2/repository/com/fasterxml/jackson/core/jackson-core/2.13.2/jackson-core-2.13.2.jar:/home/betoh/.m2/repository/org/apache/commons/commons-compress/1.21/commons-compress-1.21.jar:/home/betoh/.m2/repository/org/apache/maven/shared/maven-invoker/3.1.0/maven-invoker-3.1.0.jar:/home/betoh/.m2/repository/org/apache/maven/shared/maven-shared-utils/3.3.3/maven-shared-utils-3.3.3.jar:/home/betoh/.m2/repository/javax/inject/javax.inject/1/javax.inject-1.jar:/home/betoh/.m2/repository/org/junit/jupiter/junit-jupiter-engine/5.9.0/junit-jupiter-engine-5.9.0.jar:/home/betoh/.m2/repository/org/junit/platform/junit-platform-engine/1.9.0/junit-platform-engine-1.9.0.jar:/home/betoh/.m2/repository/org/apiguardian/apiguardian-api/1.1.2/apiguardian-api-1.1.2.jar:/home/betoh/.m2/repository/org/junit/jupiter/junit-jupiter-api/5.9.0/junit-jupiter-api-5.9.0.jar:/home/betoh/.m2/repository/org/opentest4j/opentest4j/1.2.0/opentest4j-1.2.0.jar:/home/betoh/.m2/repository/org/junit/platform/junit-platform-commons/1.9.0/junit-platform-commons-1.9.0.jar:/home/betoh/.m2/repository/org/junit/jupiter/junit-jupiter-params/5.9.0/junit-jupiter-params-5.9.0.jar:/home/betoh/.m2/repository/org/junit/platform/junit-platform-launcher/1.9.0/junit-platform-launcher-1.9.0.jar:/home/betoh/.m2/repository/org/mockito/mockito-core/4.8.0/mockito-core-4.8.0.jar:/home/betoh/.m2/repository/net/bytebuddy/byte-buddy/1.12.14/byte-buddy-1.12.14.jar:/home/betoh/.m2/repository/net/bytebuddy/byte-buddy-agent/1.12.14/byte-buddy-agent-1.12.14.jar:/home/betoh/.m2/repository/org/objenesis/objenesis/3.2/objenesis-3.2.jar:/home/betoh/.m2/repository/org/slf4j/slf4j-api/2.0.3/slf4j-api-2.0.3.jar:/home/betoh/.m2/repository/ch/qos/logback/logback-classic/1.4.4/logback-classic-1.4.4.jar:/home/betoh/.m2/repository/ch/qos/logback/logback-core/1.4.4/logback-core-1.4.4.jar:"/>
    <property name="java.vm.vendor" value="Ubuntu"/>
    <property name="sun.arch.data.model" value="64"/>
    <property name="java.vendor.url" value="https://ubuntu.com/"/>
    <property name="os.name" value="Linux"/>
    <property name="java.vm.specification.version" value="21"/>
    <property name="sun.java.launcher" value="SUN_STANDARD"/>
    <property name="sun.boot.library.path" value="/usr/lib/jvm/java-21-openjdk-amd64/lib"/>
    <property name="sun.java.command" value="/home/betoh/Area-de-Trabajo/@CURSO/maternity-hospital-journal-exercise/target/surefire/surefirebooter2326645401937378570.jar /home/betoh/Area-de-Trabajo/@CURSO/maternity-hospital-journal-exercise/target/surefire 2024-08-19T19-39-28_916-jvmRun1 surefire1315984156824003502tmp surefire_02939300121007139510tmp"/>
    <property name="jdk.debug" value="release"/>
    <property name="test" value="com.epam.rd.autotasks.collections.BirthJournalManagementImplTest"/>
    <property name="surefire.test.class.path" value="/home/betoh/Area-de-Trabajo/@CURSO/maternity-hospital-journal-exercise/target/test-classes:/home/betoh/Area-de-Trabajo/@CURSO/maternity-hospital-journal-exercise/target/classes:/home/betoh/.m2/repository/com/tngtech/archunit/archunit-junit5/1.0.0/archunit-junit5-1.0.0.jar:/home/betoh/.m2/repository/com/tngtech/archunit/archunit-junit5-api/1.0.0/archunit-junit5-api-1.0.0.jar:/home/betoh/.m2/repository/com/tngtech/archunit/archunit-junit5-engine/1.0.0/archunit-junit5-engine-1.0.0.jar:/home/betoh/.m2/repository/com/tngtech/archunit/archunit/1.0.0/archunit-1.0.0.jar:/home/betoh/.m2/repository/com/tngtech/archunit/archunit-junit5-engine-api/1.0.0/archunit-junit5-engine-api-1.0.0.jar:/home/betoh/.m2/repository/fr/inria/gforge/spoon/spoon-core/10.1.1/spoon-core-10.1.1.jar:/home/betoh/.m2/repository/org/eclipse/jdt/org.eclipse.jdt.core/3.29.0/org.eclipse.jdt.core-3.29.0.jar:/home/betoh/.m2/repository/com/martiansoftware/jsap/2.1/jsap-2.1.jar:/home/betoh/.m2/repository/commons-io/commons-io/2.11.0/commons-io-2.11.0.jar:/home/betoh/.m2/repository/org/apache/maven/maven-model/4.0.0-beta-3/maven-model-4.0.0-beta-3.jar:/home/betoh/.m2/repository/org/apache/maven/maven-api-model/4.0.0-beta-3/maven-api-model-4.0.0-beta-3.jar:/home/betoh/.m2/repository/org/apache/maven/maven-api-xml/4.0.0-beta-3/maven-api-xml-4.0.0-beta-3.jar:/home/betoh/.m2/repository/org/apache/maven/maven-api-meta/4.0.0-beta-3/maven-api-meta-4.0.0-beta-3.jar:/home/betoh/.m2/repository/org/apache/maven/maven-api-impl/4.0.0-beta-3/maven-api-impl-4.0.0-beta-3.jar:/home/betoh/.m2/repository/org/apache/maven/maven-api-core/4.0.0-beta-3/maven-api-core-4.0.0-beta-3.jar:/home/betoh/.m2/repository/org/apache/maven/maven-api-plugin/4.0.0-beta-3/maven-api-plugin-4.0.0-beta-3.jar:/home/betoh/.m2/repository/org/apache/maven/maven-api-spi/4.0.0-beta-3/maven-api-spi-4.0.0-beta-3.jar:/home/betoh/.m2/repository/org/apache/maven/maven-api-metadata/4.0.0-beta-3/maven-api-metadata-4.0.0-beta-3.jar:/home/betoh/.m2/repository/org/apache/maven/maven-api-toolchain/4.0.0-beta-3/maven-api-toolchain-4.0.0-beta-3.jar:/home/betoh/.m2/repository/org/apache/maven/maven-api-di/4.0.0-beta-3/maven-api-di-4.0.0-beta-3.jar:/home/betoh/.m2/repository/org/apache/maven/maven-api-settings/4.0.0-beta-3/maven-api-settings-4.0.0-beta-3.jar:/home/betoh/.m2/repository/org/apache/maven/resolver/maven-resolver-api/2.0.0-alpha-11/maven-resolver-api-2.0.0-alpha-11.jar:/home/betoh/.m2/repository/org/apache/maven/resolver/maven-resolver-spi/2.0.0-alpha-11/maven-resolver-spi-2.0.0-alpha-11.jar:/home/betoh/.m2/repository/org/apache/maven/resolver/maven-resolver-util/2.0.0-alpha-11/maven-resolver-util-2.0.0-alpha-11.jar:/home/betoh/.m2/repository/org/apache/maven/maven-xml-impl/4.0.0-beta-3/maven-xml-impl-4.0.0-beta-3.jar:/home/betoh/.m2/repository/org/codehaus/plexus/plexus-interpolation/1.27/plexus-interpolation-1.27.jar:/home/betoh/.m2/repository/com/fasterxml/woodstox/woodstox-core/6.6.2/woodstox-core-6.6.2.jar:/home/betoh/.m2/repository/org/codehaus/woodstox/stax2-api/4.2.1/stax2-api-4.2.1.jar:/home/betoh/.m2/repository/org/apache/maven/resolver/maven-resolver-impl/2.0.0-alpha-11/maven-resolver-impl-2.0.0-alpha-11.jar:/home/betoh/.m2/repository/org/apache/maven/resolver/maven-resolver-named-locks/2.0.0-alpha-11/maven-resolver-named-locks-2.0.0-alpha-11.jar:/home/betoh/.m2/repository/org/codehaus/plexus/plexus-xml/4.0.4/plexus-xml-4.0.4.jar:/home/betoh/.m2/repository/org/apache/commons/commons-lang3/3.12.0/commons-lang3-3.12.0.jar:/home/betoh/.m2/repository/com/fasterxml/jackson/core/jackson-databind/2.13.2.2/jackson-databind-2.13.2.2.jar:/home/betoh/.m2/repository/com/fasterxml/jackson/core/jackson-annotations/2.13.2/jackson-annotations-2.13.2.jar:/home/betoh/.m2/repository/com/fasterxml/jackson/core/jackson-core/2.13.2/jackson-core-2.13.2.jar:/home/betoh/.m2/repository/org/apache/commons/commons-compress/1.21/commons-compress-1.21.jar:/home/betoh/.m2/repository/org/apache/maven/shared/maven-invoker/3.1.0/maven-invoker-3.1.0.jar:/home/betoh/.m2/repository/org/apache/maven/shared/maven-shared-utils/3.3.3/maven-shared-utils-3.3.3.jar:/home/betoh/.m2/repository/javax/inject/javax.inject/1/javax.inject-1.jar:/home/betoh/.m2/repository/org/junit/jupiter/junit-jupiter-engine/5.9.0/junit-jupiter-engine-5.9.0.jar:/home/betoh/.m2/repository/org/junit/platform/junit-platform-engine/1.9.0/junit-platform-engine-1.9.0.jar:/home/betoh/.m2/repository/org/apiguardian/apiguardian-api/1.1.2/apiguardian-api-1.1.2.jar:/home/betoh/.m2/repository/org/junit/jupiter/junit-jupiter-api/5.9.0/junit-jupiter-api-5.9.0.jar:/home/betoh/.m2/repository/org/opentest4j/opentest4j/1.2.0/opentest4j-1.2.0.jar:/home/betoh/.m2/repository/org/junit/platform/junit-platform-commons/1.9.0/junit-platform-commons-1.9.0.jar:/home/betoh/.m2/repository/org/junit/jupiter/junit-jupiter-params/5.9.0/junit-jupiter-params-5.9.0.jar:/home/betoh/.m2/repository/org/junit/platform/junit-platform-launcher/1.9.0/junit-platform-launcher-1.9.0.jar:/home/betoh/.m2/repository/org/mockito/mockito-core/4.8.0/mockito-core-4.8.0.jar:/home/betoh/.m2/repository/net/bytebuddy/byte-buddy/1.12.14/byte-buddy-1.12.14.jar:/home/betoh/.m2/repository/net/bytebuddy/byte-buddy-agent/1.12.14/byte-buddy-agent-1.12.14.jar:/home/betoh/.m2/repository/org/objenesis/objenesis/3.2/objenesis-3.2.jar:/home/betoh/.m2/repository/org/slf4j/slf4j-api/2.0.3/slf4j-api-2.0.3.jar:/home/betoh/.m2/repository/ch/qos/logback/logback-classic/1.4.4/logback-classic-1.4.4.jar:/home/betoh/.m2/repository/ch/qos/logback/logback-core/1.4.4/logback-core-1.4.4.jar:"/>
    <property name="sun.cpu.endian" value="little"/>
    <property name="user.home" value="/home/betoh"/>
    <property name="user.language" value="en"/>
    <property name="java.specification.vendor" value="Oracle Corporation"/>
    <property name="java.version.date" value="2024-07-16"/>
    <property name="java.home" value="/usr/lib/jvm/java-21-openjdk-amd64"/>
    <property name="file.separator" value="/"/>
    <property name="basedir" value="/home/betoh/Area-de-Trabajo/@CURSO/maternity-hospital-journal-exercise"/>
    <property name="java.vm.compressedOopsMode" value="32-bit"/>
    <property name="line.separator" value="&#10;"/>
    <property name="java.vm.specification.vendor" value="Oracle Corporation"/>
    <property name="java.specification.name" value="Java Platform API Specification"/>
    <property name="surefire.real.class.path" value="/home/betoh/Area-de-Trabajo/@CURSO/maternity-hospital-journal-exercise/target/surefire/surefirebooter2326645401937378570.jar"/>
    <property name="sun.management.compiler" value="HotSpot 64-Bit Tiered Compilers"/>
    <property name="java.runtime.version" value="21.0.4+7-Ubuntu-1ubuntu222.04"/>
    <property name="user.name" value="betoh"/>
    <property name="stdout.encoding" value="UTF-8"/>
    <property name="path.separator" value=":"/>
    <property name="os.version" value="5.15.133.1-microsoft-standard-WSL2"/>
    <property name="java.runtime.name" value="OpenJDK Runtime Environment"/>
    <property name="file.encoding" value="UTF-8"/>
    <property name="java.vm.name" value="OpenJDK 64-Bit Server VM"/>
    <property name="maven.ext.class.path" value="/home/betoh/.vscode-server/extensions/oracle.oracle-java-22.1.1/nbcode/java/maven-nblib/netbeans-eventspy.jar"/>
    <property name="localRepository" value="/home/betoh/.m2/repository"/>
    <property name="java.vendor.url.bug" value="https://bugs.launchpad.net/ubuntu/+source/openjdk-21"/>
    <property name="java.io.tmpdir" value="/tmp"/>
    <property name="java.version" value="21.0.4"/>
    <property name="user.dir" value="/home/betoh/Area-de-Trabajo/@CURSO/maternity-hospital-journal-exercise"/>
    <property name="os.arch" value="amd64"/>
    <property name="java.vm.specification.name" value="Java Virtual Machine Specification"/>
    <property name="native.encoding" value="UTF-8"/>
    <property name="java.library.path" value="/usr/java/packages/lib:/usr/lib/x86_64-linux-gnu/jni:/lib/x86_64-linux-gnu:/usr/lib/x86_64-linux-gnu:/usr/lib/jni:/lib:/usr/lib"/>
    <property name="stderr.encoding" value="UTF-8"/>
    <property name="java.vm.info" value="mixed mode, sharing"/>
    <property name="java.vendor" value="Ubuntu"/>
    <property name="java.vm.version" value="21.0.4+7-Ubuntu-1ubuntu222.04"/>
    <property name="sun.io.unicode.encoding" value="UnicodeLittle"/>
    <property name="java.class.version" value="65.0"/>
  </properties>
  <testcase name="testAddEntryOfBaby" classname="com.epam.rd.autotasks.collections.BirthJournalManagementImplTest" time="0.036"/>
  <testcase name="testFindBabyWithSmallestHeight{int, String, String}[1]" classname="com.epam.rd.autotasks.collections.BirthJournalManagementImplTest" time="0.029"/>
  <testcase name="testFindBabyWithSmallestHeight{int, String, String}[2]" classname="com.epam.rd.autotasks.collections.BirthJournalManagementImplTest" time="0.002"/>
  <testcase name="testFindBabyWithSmallestHeight{int, String, String}[3]" classname="com.epam.rd.autotasks.collections.BirthJournalManagementImplTest" time="0.002"/>
  <testcase name="testFindBabyWithSmallestHeight{int, String, String}[4]" classname="com.epam.rd.autotasks.collections.BirthJournalManagementImplTest" time="0.001"/>
  <testcase name="testFindBabyWithSmallestHeight{int, String, String}[5]" classname="com.epam.rd.autotasks.collections.BirthJournalManagementImplTest" time="0.002"/>
  <testcase name="testFindBabyWithSmallestHeight{int, String, String}[6]" classname="com.epam.rd.autotasks.collections.BirthJournalManagementImplTest" time="0.002"/>
  <testcase name="testFindBabyWithSmallestHeight{int, String, String}[7]" classname="com.epam.rd.autotasks.collections.BirthJournalManagementImplTest" time="0.003"/>
  <testcase name="testFindBabyWithSmallestHeight{int, String, String}[8]" classname="com.epam.rd.autotasks.collections.BirthJournalManagementImplTest" time="0.002"/>
  <testcase name="testFindBabyWithSmallestHeight{int, String, String}[9]" classname="com.epam.rd.autotasks.collections.BirthJournalManagementImplTest" time="0.001"/>
  <testcase name="testFindBabyWithSmallestHeight{int, String, String}[10]" classname="com.epam.rd.autotasks.collections.BirthJournalManagementImplTest" time="0.002"/>
  <testcase name="testFindBabyWithSmallestHeight{int, String, String}[11]" classname="com.epam.rd.autotasks.collections.BirthJournalManagementImplTest" time="0.002"/>
  <testcase name="testFindBabyWithSmallestHeight{int, String, String}[12]" classname="com.epam.rd.autotasks.collections.BirthJournalManagementImplTest" time="0.001"/>
  <testcase name="testFindBabiesByBirthTime{int, String, String, String}[1]" classname="com.epam.rd.autotasks.collections.BirthJournalManagementImplTest" time="0.022"/>
  <testcase name="testFindBabiesByBirthTime{int, String, String, String}[2]" classname="com.epam.rd.autotasks.collections.BirthJournalManagementImplTest" time="0.002"/>
  <testcase name="testFindBabiesByBirthTime{int, String, String, String}[3]" classname="com.epam.rd.autotasks.collections.BirthJournalManagementImplTest" time="0.002"/>
  <testcase name="testFindBabiesByBirthTime{int, String, String, String}[4]" classname="com.epam.rd.autotasks.collections.BirthJournalManagementImplTest" time="0.002"/>
  <testcase name="testFindBabiesByBirthTime{int, String, String, String}[5]" classname="com.epam.rd.autotasks.collections.BirthJournalManagementImplTest" time="0.002"/>
  <testcase name="testFindBabiesByBirthTime{int, String, String, String}[6]" classname="com.epam.rd.autotasks.collections.BirthJournalManagementImplTest" time="0.002"/>
  <testcase name="testFindBabiesByBirthTime{int, String, String, String}[7]" classname="com.epam.rd.autotasks.collections.BirthJournalManagementImplTest" time="0.002"/>
  <testcase name="testFindBabiesByBirthTime{int, String, String, String}[8]" classname="com.epam.rd.autotasks.collections.BirthJournalManagementImplTest" time="0.001"/>
  <testcase name="testFindBabiesByBirthTime{int, String, String, String}[9]" classname="com.epam.rd.autotasks.collections.BirthJournalManagementImplTest" time="0.002"/>
  <testcase name="testFindBabiesByBirthTime{int, String, String, String}[10]" classname="com.epam.rd.autotasks.collections.BirthJournalManagementImplTest" time="0.001"/>
  <testcase name="testFindBabiesByBirthTime{int, String, String, String}[11]" classname="com.epam.rd.autotasks.collections.BirthJournalManagementImplTest" time="0.001"/>
  <testcase name="testFindBabiesByBirthTime{int, String, String, String}[12]" classname="com.epam.rd.autotasks.collections.BirthJournalManagementImplTest" time="0.001"/>
  <testcase name="testAmountBabies" classname="com.epam.rd.autotasks.collections.BirthJournalManagementImplTest" time="0.001"/>
  <testcase name="testFindBabiesByBirthTime2{int, String, String, String}[1]" classname="com.epam.rd.autotasks.collections.BirthJournalManagementImplTest" time="0.002"/>
  <testcase name="testFindBabyWithHighestWeight{int, String, String}[1]" classname="com.epam.rd.autotasks.collections.BirthJournalManagementImplTest" time="0.003"/>
  <testcase name="testFindBabyWithHighestWeight{int, String, String}[2]" classname="com.epam.rd.autotasks.collections.BirthJournalManagementImplTest" time="0.001"/>
  <testcase name="testFindBabyWithHighestWeight{int, String, String}[3]" classname="com.epam.rd.autotasks.collections.BirthJournalManagementImplTest" time="0.001"/>
  <testcase name="testFindBabyWithHighestWeight{int, String, String}[4]" classname="com.epam.rd.autotasks.collections.BirthJournalManagementImplTest" time="0.002"/>
  <testcase name="testFindBabyWithHighestWeight{int, String, String}[5]" classname="com.epam.rd.autotasks.collections.BirthJournalManagementImplTest" time="0.001"/>
  <testcase name="testFindBabyWithHighestWeight{int, String, String}[6]" classname="com.epam.rd.autotasks.collections.BirthJournalManagementImplTest" time="0.001"/>
  <testcase name="testFindBabyWithHighestWeight{int, String, String}[7]" classname="com.epam.rd.autotasks.collections.BirthJournalManagementImplTest" time="0.001"/>
  <testcase name="testFindBabyWithHighestWeight{int, String, String}[8]" classname="com.epam.rd.autotasks.collections.BirthJournalManagementImplTest" time="0.001"/>
  <testcase name="testFindBabyWithHighestWeight{int, String, String}[9]" classname="com.epam.rd.autotasks.collections.BirthJournalManagementImplTest" time="0.001"/>
  <testcase name="testFindBabyWithHighestWeight{int, String, String}[10]" classname="com.epam.rd.autotasks.collections.BirthJournalManagementImplTest" time="0.001"/>
  <testcase name="testFindBabyWithHighestWeight{int, String, String}[11]" classname="com.epam.rd.autotasks.collections.BirthJournalManagementImplTest" time="0.001"/>
  <testcase name="testFindBabyWithHighestWeight{int, String, String}[12]" classname="com.epam.rd.autotasks.collections.BirthJournalManagementImplTest" time="0.001"/>
</testsuite>