<?xml version="1.0" encoding="UTF-8"?>
<testsuite xmlns:xsi="http://www.w3.org/2001/XMLSchema-instance" xsi:noNamespaceSchemaLocation="https://maven.apache.org/surefire/maven-surefire-plugin/xsd/surefire-test-report.xsd" name="com.epam.rd.autotasks.collections.map.BooksCatalogTest" time="0.977" tests="184" errors="0" skipped="0" failures="0">
  <properties>
    <property name="java.specification.version" value="21"/>
    <property name="sun.jnu.encoding" value="UTF-8"/>
    <property name="java.class.path" value="/home/betoh/Area-de-Trabajo/@CURSO/books-catalog-exercise/target/test-classes:/home/betoh/Area-de-Trabajo/@CURSO/books-catalog-exercise/target/classes:/home/betoh/.m2/repository/com/tngtech/archunit/archunit-junit5-api/1.0.0/archunit-junit5-api-1.0.0.jar:/home/betoh/.m2/repository/com/tngtech/archunit/archunit/1.0.0/archunit-1.0.0.jar:/home/betoh/.m2/repository/com/tngtech/archunit/archunit-junit5-engine/1.0.0/archunit-junit5-engine-1.0.0.jar:/home/betoh/.m2/repository/com/tngtech/archunit/archunit-junit5-engine-api/1.0.0/archunit-junit5-engine-api-1.0.0.jar:/home/betoh/.m2/repository/org/junit/jupiter/junit-jupiter-engine/5.9.0/junit-jupiter-engine-5.9.0.jar:/home/betoh/.m2/repository/org/junit/platform/junit-platform-engine/1.9.0/junit-platform-engine-1.9.0.jar:/home/betoh/.m2/repository/org/apiguardian/apiguardian-api/1.1.2/apiguardian-api-1.1.2.jar:/home/betoh/.m2/repository/org/junit/jupiter/junit-jupiter-api/5.9.0/junit-jupiter-api-5.9.0.jar:/home/betoh/.m2/repository/org/opentest4j/opentest4j/1.2.0/opentest4j-1.2.0.jar:/home/betoh/.m2/repository/org/junit/platform/junit-platform-commons/1.9.0/junit-platform-commons-1.9.0.jar:/home/betoh/.m2/repository/org/junit/jupiter/junit-jupiter-params/5.9.0/junit-jupiter-params-5.9.0.jar:/home/betoh/.m2/repository/org/junit/platform/junit-platform-suite-api/1.8.2/junit-platform-suite-api-1.8.2.jar:/home/betoh/.m2/repository/org/junit/platform/junit-platform-suite-engine/1.8.2/junit-platform-suite-engine-1.8.2.jar:/home/betoh/.m2/repository/org/junit/platform/junit-platform-suite-commons/1.8.2/junit-platform-suite-commons-1.8.2.jar:/home/betoh/.m2/repository/org/junit/platform/junit-platform-launcher/1.8.2/junit-platform-launcher-1.8.2.jar:/home/betoh/.m2/repository/org/junit/vintage/junit-vintage-engine/5.9.0/junit-vintage-engine-5.9.0.jar:/home/betoh/.m2/repository/junit/junit/4.13.2/junit-4.13.2.jar:/home/betoh/.m2/repository/org/hamcrest/hamcrest-core/1.3/hamcrest-core-1.3.jar:/home/betoh/.m2/repository/fr/inria/gforge/spoon/spoon-core/10.1.1/spoon-core-10.1.1.jar:/home/betoh/.m2/repository/org/eclipse/jdt/org.eclipse.jdt.core/3.29.0/org.eclipse.jdt.core-3.29.0.jar:/home/betoh/.m2/repository/com/martiansoftware/jsap/2.1/jsap-2.1.jar:/home/betoh/.m2/repository/org/slf4j/slf4j-api/1.7.36/slf4j-api-1.7.36.jar:/home/betoh/.m2/repository/commons-io/commons-io/2.11.0/commons-io-2.11.0.jar:/home/betoh/.m2/repository/org/apache/maven/maven-model/4.0.0-beta-3/maven-model-4.0.0-beta-3.jar:/home/betoh/.m2/repository/org/apache/maven/maven-api-model/4.0.0-beta-3/maven-api-model-4.0.0-beta-3.jar:/home/betoh/.m2/repository/org/apache/maven/maven-api-xml/4.0.0-beta-3/maven-api-xml-4.0.0-beta-3.jar:/home/betoh/.m2/repository/org/apache/maven/maven-api-meta/4.0.0-beta-3/maven-api-meta-4.0.0-beta-3.jar:/home/betoh/.m2/repository/org/apache/maven/maven-api-impl/4.0.0-beta-3/maven-api-impl-4.0.0-beta-3.jar:/home/betoh/.m2/repository/org/apache/maven/maven-api-core/4.0.0-beta-3/maven-api-core-4.0.0-beta-3.jar:/home/betoh/.m2/repository/org/apache/maven/maven-api-plugin/4.0.0-beta-3/maven-api-plugin-4.0.0-beta-3.jar:/home/betoh/.m2/repository/org/apache/maven/maven-api-spi/4.0.0-beta-3/maven-api-spi-4.0.0-beta-3.jar:/home/betoh/.m2/repository/org/apache/maven/maven-api-metadata/4.0.0-beta-3/maven-api-metadata-4.0.0-beta-3.jar:/home/betoh/.m2/repository/org/apache/maven/maven-api-toolchain/4.0.0-beta-3/maven-api-toolchain-4.0.0-beta-3.jar:/home/betoh/.m2/repository/org/apache/maven/maven-api-di/4.0.0-beta-3/maven-api-di-4.0.0-beta-3.jar:/home/betoh/.m2/repository/org/apache/maven/maven-api-settings/4.0.0-beta-3/maven-api-settings-4.0.0-beta-3.jar:/home/betoh/.m2/repository/org/apache/maven/resolver/maven-resolver-api/2.0.0-alpha-11/maven-resolver-api-2.0.0-alpha-11.jar:/home/betoh/.m2/repository/org/apache/maven/resolver/maven-resolver-spi/2.0.0-alpha-11/maven-resolver-spi-2.0.0-alpha-11.jar:/home/betoh/.m2/repository/org/apache/maven/resolver/maven-resolver-util/2.0.0-alpha-11/maven-resolver-util-2.0.0-alpha-11.jar:/home/betoh/.m2/repository/org/apache/maven/maven-xml-impl/4.0.0-beta-3/maven-xml-impl-4.0.0-beta-3.jar:/home/betoh/.m2/repository/org/codehaus/plexus/plexus-interpolation/1.27/plexus-interpolation-1.27.jar:/home/betoh/.m2/repository/com/fasterxml/woodstox/woodstox-core/6.6.2/woodstox-core-6.6.2.jar:/home/betoh/.m2/repository/org/codehaus/woodstox/stax2-api/4.2.1/stax2-api-4.2.1.jar:/home/betoh/.m2/repository/org/apache/maven/resolver/maven-resolver-impl/2.0.0-alpha-11/maven-resolver-impl-2.0.0-alpha-11.jar:/home/betoh/.m2/repository/org/apache/maven/resolver/maven-resolver-named-locks/2.0.0-alpha-11/maven-resolver-named-locks-2.0.0-alpha-11.jar:/home/betoh/.m2/repository/org/codehaus/plexus/plexus-xml/4.0.4/plexus-xml-4.0.4.jar:/home/betoh/.m2/repository/org/apache/commons/commons-lang3/3.12.0/commons-lang3-3.12.0.jar:/home/betoh/.m2/repository/com/fasterxml/jackson/core/jackson-databind/2.13.2.2/jackson-databind-2.13.2.2.jar:/home/betoh/.m2/repository/com/fasterxml/jackson/core/jackson-annotations/2.13.2/jackson-annotations-2.13.2.jar:/home/betoh/.m2/repository/com/fasterxml/jackson/core/jackson-core/2.13.2/jackson-core-2.13.2.jar:/home/betoh/.m2/repository/org/apache/commons/commons-compress/1.21/commons-compress-1.21.jar:/home/betoh/.m2/repository/org/apache/maven/shared/maven-invoker/3.1.0/maven-invoker-3.1.0.jar:/home/betoh/.m2/repository/org/apache/maven/shared/maven-shared-utils/3.3.3/maven-shared-utils-3.3.3.jar:/home/betoh/.m2/repository/javax/inject/javax.inject/1/javax.inject-1.jar:/home/betoh/.m2/repository/org/slf4j/slf4j-simple/1.7.36/slf4j-simple-1.7.36.jar:"/>
    <property name="java.vm.vendor" value="Ubuntu"/>
    <property name="sun.arch.data.model" value="64"/>
    <property name="java.vendor.url" value="https://ubuntu.com/"/>
    <property name="os.name" value="Linux"/>
    <property name="java.vm.specification.version" value="21"/>
    <property name="sun.java.launcher" value="SUN_STANDARD"/>
    <property name="sun.boot.library.path" value="/usr/lib/jvm/java-21-openjdk-amd64/lib"/>
    <property name="sun.java.command" value="/home/betoh/Area-de-Trabajo/@CURSO/books-catalog-exercise/target/surefire/surefirebooter3477610890669771663.jar /home/betoh/Area-de-Trabajo/@CURSO/books-catalog-exercise/target/surefire 2024-08-13T16-28-57_054-jvmRun1 surefire12174528281440713174tmp surefire_03645635039940381985tmp"/>
    <property name="jdk.debug" value="release"/>
    <property name="test" value="com.epam.rd.autotasks.collections.map.BooksCatalogTest"/>
    <property name="surefire.test.class.path" value="/home/betoh/Area-de-Trabajo/@CURSO/books-catalog-exercise/target/test-classes:/home/betoh/Area-de-Trabajo/@CURSO/books-catalog-exercise/target/classes:/home/betoh/.m2/repository/com/tngtech/archunit/archunit-junit5-api/1.0.0/archunit-junit5-api-1.0.0.jar:/home/betoh/.m2/repository/com/tngtech/archunit/archunit/1.0.0/archunit-1.0.0.jar:/home/betoh/.m2/repository/com/tngtech/archunit/archunit-junit5-engine/1.0.0/archunit-junit5-engine-1.0.0.jar:/home/betoh/.m2/repository/com/tngtech/archunit/archunit-junit5-engine-api/1.0.0/archunit-junit5-engine-api-1.0.0.jar:/home/betoh/.m2/repository/org/junit/jupiter/junit-jupiter-engine/5.9.0/junit-jupiter-engine-5.9.0.jar:/home/betoh/.m2/repository/org/junit/platform/junit-platform-engine/1.9.0/junit-platform-engine-1.9.0.jar:/home/betoh/.m2/repository/org/apiguardian/apiguardian-api/1.1.2/apiguardian-api-1.1.2.jar:/home/betoh/.m2/repository/org/junit/jupiter/junit-jupiter-api/5.9.0/junit-jupiter-api-5.9.0.jar:/home/betoh/.m2/repository/org/opentest4j/opentest4j/1.2.0/opentest4j-1.2.0.jar:/home/betoh/.m2/repository/org/junit/platform/junit-platform-commons/1.9.0/junit-platform-commons-1.9.0.jar:/home/betoh/.m2/repository/org/junit/jupiter/junit-jupiter-params/5.9.0/junit-jupiter-params-5.9.0.jar:/home/betoh/.m2/repository/org/junit/platform/junit-platform-suite-api/1.8.2/junit-platform-suite-api-1.8.2.jar:/home/betoh/.m2/repository/org/junit/platform/junit-platform-suite-engine/1.8.2/junit-platform-suite-engine-1.8.2.jar:/home/betoh/.m2/repository/org/junit/platform/junit-platform-suite-commons/1.8.2/junit-platform-suite-commons-1.8.2.jar:/home/betoh/.m2/repository/org/junit/platform/junit-platform-launcher/1.8.2/junit-platform-launcher-1.8.2.jar:/home/betoh/.m2/repository/org/junit/vintage/junit-vintage-engine/5.9.0/junit-vintage-engine-5.9.0.jar:/home/betoh/.m2/repository/junit/junit/4.13.2/junit-4.13.2.jar:/home/betoh/.m2/repository/org/hamcrest/hamcrest-core/1.3/hamcrest-core-1.3.jar:/home/betoh/.m2/repository/fr/inria/gforge/spoon/spoon-core/10.1.1/spoon-core-10.1.1.jar:/home/betoh/.m2/repository/org/eclipse/jdt/org.eclipse.jdt.core/3.29.0/org.eclipse.jdt.core-3.29.0.jar:/home/betoh/.m2/repository/com/martiansoftware/jsap/2.1/jsap-2.1.jar:/home/betoh/.m2/repository/org/slf4j/slf4j-api/1.7.36/slf4j-api-1.7.36.jar:/home/betoh/.m2/repository/commons-io/commons-io/2.11.0/commons-io-2.11.0.jar:/home/betoh/.m2/repository/org/apache/maven/maven-model/4.0.0-beta-3/maven-model-4.0.0-beta-3.jar:/home/betoh/.m2/repository/org/apache/maven/maven-api-model/4.0.0-beta-3/maven-api-model-4.0.0-beta-3.jar:/home/betoh/.m2/repository/org/apache/maven/maven-api-xml/4.0.0-beta-3/maven-api-xml-4.0.0-beta-3.jar:/home/betoh/.m2/repository/org/apache/maven/maven-api-meta/4.0.0-beta-3/maven-api-meta-4.0.0-beta-3.jar:/home/betoh/.m2/repository/org/apache/maven/maven-api-impl/4.0.0-beta-3/maven-api-impl-4.0.0-beta-3.jar:/home/betoh/.m2/repository/org/apache/maven/maven-api-core/4.0.0-beta-3/maven-api-core-4.0.0-beta-3.jar:/home/betoh/.m2/repository/org/apache/maven/maven-api-plugin/4.0.0-beta-3/maven-api-plugin-4.0.0-beta-3.jar:/home/betoh/.m2/repository/org/apache/maven/maven-api-spi/4.0.0-beta-3/maven-api-spi-4.0.0-beta-3.jar:/home/betoh/.m2/repository/org/apache/maven/maven-api-metadata/4.0.0-beta-3/maven-api-metadata-4.0.0-beta-3.jar:/home/betoh/.m2/repository/org/apache/maven/maven-api-toolchain/4.0.0-beta-3/maven-api-toolchain-4.0.0-beta-3.jar:/home/betoh/.m2/repository/org/apache/maven/maven-api-di/4.0.0-beta-3/maven-api-di-4.0.0-beta-3.jar:/home/betoh/.m2/repository/org/apache/maven/maven-api-settings/4.0.0-beta-3/maven-api-settings-4.0.0-beta-3.jar:/home/betoh/.m2/repository/org/apache/maven/resolver/maven-resolver-api/2.0.0-alpha-11/maven-resolver-api-2.0.0-alpha-11.jar:/home/betoh/.m2/repository/org/apache/maven/resolver/maven-resolver-spi/2.0.0-alpha-11/maven-resolver-spi-2.0.0-alpha-11.jar:/home/betoh/.m2/repository/org/apache/maven/resolver/maven-resolver-util/2.0.0-alpha-11/maven-resolver-util-2.0.0-alpha-11.jar:/home/betoh/.m2/repository/org/apache/maven/maven-xml-impl/4.0.0-beta-3/maven-xml-impl-4.0.0-beta-3.jar:/home/betoh/.m2/repository/org/codehaus/plexus/plexus-interpolation/1.27/plexus-interpolation-1.27.jar:/home/betoh/.m2/repository/com/fasterxml/woodstox/woodstox-core/6.6.2/woodstox-core-6.6.2.jar:/home/betoh/.m2/repository/org/codehaus/woodstox/stax2-api/4.2.1/stax2-api-4.2.1.jar:/home/betoh/.m2/repository/org/apache/maven/resolver/maven-resolver-impl/2.0.0-alpha-11/maven-resolver-impl-2.0.0-alpha-11.jar:/home/betoh/.m2/repository/org/apache/maven/resolver/maven-resolver-named-locks/2.0.0-alpha-11/maven-resolver-named-locks-2.0.0-alpha-11.jar:/home/betoh/.m2/repository/org/codehaus/plexus/plexus-xml/4.0.4/plexus-xml-4.0.4.jar:/home/betoh/.m2/repository/org/apache/commons/commons-lang3/3.12.0/commons-lang3-3.12.0.jar:/home/betoh/.m2/repository/com/fasterxml/jackson/core/jackson-databind/2.13.2.2/jackson-databind-2.13.2.2.jar:/home/betoh/.m2/repository/com/fasterxml/jackson/core/jackson-annotations/2.13.2/jackson-annotations-2.13.2.jar:/home/betoh/.m2/repository/com/fasterxml/jackson/core/jackson-core/2.13.2/jackson-core-2.13.2.jar:/home/betoh/.m2/repository/org/apache/commons/commons-compress/1.21/commons-compress-1.21.jar:/home/betoh/.m2/repository/org/apache/maven/shared/maven-invoker/3.1.0/maven-invoker-3.1.0.jar:/home/betoh/.m2/repository/org/apache/maven/shared/maven-shared-utils/3.3.3/maven-shared-utils-3.3.3.jar:/home/betoh/.m2/repository/javax/inject/javax.inject/1/javax.inject-1.jar:/home/betoh/.m2/repository/org/slf4j/slf4j-simple/1.7.36/slf4j-simple-1.7.36.jar:"/>
    <property name="sun.cpu.endian" value="little"/>
    <property name="user.home" value="/home/betoh"/>
    <property name="user.language" value="en"/>
    <property name="java.specification.vendor" value="Oracle Corporation"/>
    <property name="java.version.date" value="2024-07-16"/>
    <property name="java.home" value="/usr/lib/jvm/java-21-openjdk-amd64"/>
    <property name="file.separator" value="/"/>
    <property name="basedir" value="/home/betoh/Area-de-Trabajo/@CURSO/books-catalog-exercise"/>
    <property name="java.vm.compressedOopsMode" value="32-bit"/>
    <property name="line.separator" value="&#10;"/>
    <property name="java.vm.specification.vendor" value="Oracle Corporation"/>
    <property name="java.specification.name" value="Java Platform API Specification"/>
    <property name="surefire.real.class.path" value="/home/betoh/Area-de-Trabajo/@CURSO/books-catalog-exercise/target/surefire/surefirebooter3477610890669771663.jar"/>
    <property name="sun.management.compiler" value="HotSpot 64-Bit Tiered Compilers"/>
    <property name="java.runtime.version" value="21.0.4+7-Ubuntu-1ubuntu222.04"/>
    <property name="user.name" value="betoh"/>
    <property name="stdout.encoding" value="UTF-8"/>
    <property name="path.separator" value=":"/>
    <property name="os.version" value="5.15.133.1-microsoft-standard-WSL2"/>
    <property name="java.runtime.name" value="OpenJDK Runtime Environment"/>
    <property name="file.encoding" value="UTF-8"/>
    <property name="java.vm.name" value="OpenJDK 64-Bit Server VM"/>
    <property name="maven.ext.class.path" value="/home/betoh/.vscode-server/extensions/oracle.oracle-java-22.1.1/nbcode/java/maven-nblib/netbeans-eventspy.jar"/>
    <property name="localRepository" value="/home/betoh/.m2/repository"/>
    <property name="java.vendor.url.bug" value="https://bugs.launchpad.net/ubuntu/+source/openjdk-21"/>
    <property name="java.io.tmpdir" value="/tmp"/>
    <property name="java.version" value="21.0.4"/>
    <property name="user.dir" value="/home/betoh/Area-de-Trabajo/@CURSO/books-catalog-exercise"/>
    <property name="os.arch" value="amd64"/>
    <property name="java.vm.specification.name" value="Java Virtual Machine Specification"/>
    <property name="native.encoding" value="UTF-8"/>
    <property name="java.library.path" value="/usr/java/packages/lib:/usr/lib/x86_64-linux-gnu/jni:/lib/x86_64-linux-gnu:/usr/lib/x86_64-linux-gnu:/usr/lib/jni:/lib:/usr/lib"/>
    <property name="stderr.encoding" value="UTF-8"/>
    <property name="java.vm.info" value="mixed mode, sharing"/>
    <property name="java.vendor" value="Ubuntu"/>
    <property name="java.vm.version" value="21.0.4+7-Ubuntu-1ubuntu222.04"/>
    <property name="sun.io.unicode.encoding" value="UnicodeLittle"/>
    <property name="java.class.version" value="65.0"/>
  </properties>
  <testcase name="testFindByAuthor" classname="com.epam.rd.autotasks.collections.map.BooksCatalogTest" time="0.021"/>
  <testcase name="testFindAuthorsByBookTitle{String}[1]" classname="com.epam.rd.autotasks.collections.map.BooksCatalogTest" time="0.058"/>
  <testcase name="testFindAuthorsByBookTitle{String}[2]" classname="com.epam.rd.autotasks.collections.map.BooksCatalogTest" time="0.009"/>
  <testcase name="testFindAuthorsByBookTitle{String}[3]" classname="com.epam.rd.autotasks.collections.map.BooksCatalogTest" time="0.007"/>
  <testcase name="testFindAuthorsByBookTitle{String}[4]" classname="com.epam.rd.autotasks.collections.map.BooksCatalogTest" time="0.014"/>
  <testcase name="testFindAuthorsByBookTitle{String}[5]" classname="com.epam.rd.autotasks.collections.map.BooksCatalogTest" time="0.011"/>
  <testcase name="testFindAuthorsByBookTitle{String}[6]" classname="com.epam.rd.autotasks.collections.map.BooksCatalogTest" time="0"/>
  <testcase name="testFindAuthorsByBookTitle{String}[7]" classname="com.epam.rd.autotasks.collections.map.BooksCatalogTest" time="0.008"/>
  <testcase name="testFindAuthorsByBook{String, String, String, String}[1]" classname="com.epam.rd.autotasks.collections.map.BooksCatalogTest" time="0.015"/>
  <testcase name="testFindAuthorsByBook{String, String, String, String}[2]" classname="com.epam.rd.autotasks.collections.map.BooksCatalogTest" time="0.002"/>
  <testcase name="testFindAuthorsByBook{String, String, String, String}[3]" classname="com.epam.rd.autotasks.collections.map.BooksCatalogTest" time="0.009"/>
  <testcase name="testFindAuthorsByBook{String, String, String, String}[4]" classname="com.epam.rd.autotasks.collections.map.BooksCatalogTest" time="0.002"/>
  <testcase name="testFindAuthorsByBook{String, String, String, String}[5]" classname="com.epam.rd.autotasks.collections.map.BooksCatalogTest" time="0.002"/>
  <testcase name="testFindAuthorsByBook{String, String, String, String}[6]" classname="com.epam.rd.autotasks.collections.map.BooksCatalogTest" time="0.001"/>
  <testcase name="testFindAuthorsByBook{String, String, String, String}[7]" classname="com.epam.rd.autotasks.collections.map.BooksCatalogTest" time="0.002"/>
  <testcase name="testFindAuthorsByBook{String, String, String, String}[8]" classname="com.epam.rd.autotasks.collections.map.BooksCatalogTest" time="0.003"/>
  <testcase name="testFindAuthorsByBook{String, String, String, String}[9]" classname="com.epam.rd.autotasks.collections.map.BooksCatalogTest" time="0.003"/>
  <testcase name="testFindAuthorsByBook{String, String, String, String}[10]" classname="com.epam.rd.autotasks.collections.map.BooksCatalogTest" time="0.001"/>
  <testcase name="testFindAuthorsByBook{String, String, String, String}[11]" classname="com.epam.rd.autotasks.collections.map.BooksCatalogTest" time="0.004"/>
  <testcase name="testFindAuthorsByBook{String, String, String, String}[12]" classname="com.epam.rd.autotasks.collections.map.BooksCatalogTest" time="0.004"/>
  <testcase name="testFindAuthorsByBook{String, String, String, String}[13]" classname="com.epam.rd.autotasks.collections.map.BooksCatalogTest" time="0.003"/>
  <testcase name="testFindAuthorsByBook{String, String, String, String}[14]" classname="com.epam.rd.autotasks.collections.map.BooksCatalogTest" time="0.003"/>
  <testcase name="testFindAuthorsByBook{String, String, String, String}[15]" classname="com.epam.rd.autotasks.collections.map.BooksCatalogTest" time="0.003"/>
  <testcase name="testFindAuthorsByBook{String, String, String, String}[16]" classname="com.epam.rd.autotasks.collections.map.BooksCatalogTest" time="0.002"/>
  <testcase name="testFindAuthorsByBook{String, String, String, String}[17]" classname="com.epam.rd.autotasks.collections.map.BooksCatalogTest" time="0.003"/>
  <testcase name="testFindAuthorsByBook{String, String, String, String}[18]" classname="com.epam.rd.autotasks.collections.map.BooksCatalogTest" time="0.007"/>
  <testcase name="testFindAuthorsByBook{String, String, String, String}[19]" classname="com.epam.rd.autotasks.collections.map.BooksCatalogTest" time="0.002"/>
  <testcase name="testFindAuthorsByBook{String, String, String, String}[20]" classname="com.epam.rd.autotasks.collections.map.BooksCatalogTest" time="0.002"/>
  <testcase name="testFindAuthorsByBook{String, String, String, String}[21]" classname="com.epam.rd.autotasks.collections.map.BooksCatalogTest" time="0.001"/>
  <testcase name="testFindAuthorsByBook{String, String, String, String}[22]" classname="com.epam.rd.autotasks.collections.map.BooksCatalogTest" time="0.001"/>
  <testcase name="testFindAuthorsByBook{String, String, String, String}[23]" classname="com.epam.rd.autotasks.collections.map.BooksCatalogTest" time="0.002"/>
  <testcase name="testFindAuthorsByBook{String, String, String, String}[24]" classname="com.epam.rd.autotasks.collections.map.BooksCatalogTest" time="0.002"/>
  <testcase name="testFindAuthorsByBook{String, String, String, String}[25]" classname="com.epam.rd.autotasks.collections.map.BooksCatalogTest" time="0.001"/>
  <testcase name="testFindAuthorsByBook{String, String, String, String}[26]" classname="com.epam.rd.autotasks.collections.map.BooksCatalogTest" time="0.002"/>
  <testcase name="testFindAuthorsByBook{String, String, String, String}[27]" classname="com.epam.rd.autotasks.collections.map.BooksCatalogTest" time="0.002"/>
  <testcase name="testFindAuthorsByBook{String, String, String, String}[28]" classname="com.epam.rd.autotasks.collections.map.BooksCatalogTest" time="0.001"/>
  <testcase name="testFindAuthorsByBook{String, String, String, String}[29]" classname="com.epam.rd.autotasks.collections.map.BooksCatalogTest" time="0.001"/>
  <testcase name="testFindAuthorsByBook{String, String, String, String}[30]" classname="com.epam.rd.autotasks.collections.map.BooksCatalogTest" time="0.001"/>
  <testcase name="testFindAuthorsByBook{String, String, String, String}[31]" classname="com.epam.rd.autotasks.collections.map.BooksCatalogTest" time="0.001"/>
  <testcase name="testFindAuthorsByBook{String, String, String, String}[32]" classname="com.epam.rd.autotasks.collections.map.BooksCatalogTest" time="0.001"/>
  <testcase name="testFindAuthorsByBook{String, String, String, String}[33]" classname="com.epam.rd.autotasks.collections.map.BooksCatalogTest" time="0.001"/>
  <testcase name="testFindAuthorsByBook{String, String, String, String}[34]" classname="com.epam.rd.autotasks.collections.map.BooksCatalogTest" time="0.002"/>
  <testcase name="testFindAuthorsByBook{String, String, String, String}[35]" classname="com.epam.rd.autotasks.collections.map.BooksCatalogTest" time="0.001"/>
  <testcase name="testFindAuthorsByBook{String, String, String, String}[36]" classname="com.epam.rd.autotasks.collections.map.BooksCatalogTest" time="0.003"/>
  <testcase name="testFindAuthorsByBook{String, String, String, String}[37]" classname="com.epam.rd.autotasks.collections.map.BooksCatalogTest" time="0.001"/>
  <testcase name="testFindAuthorsByBook{String, String, String, String}[38]" classname="com.epam.rd.autotasks.collections.map.BooksCatalogTest" time="0.001"/>
  <testcase name="testFindAuthorsByBook{String, String, String, String}[39]" classname="com.epam.rd.autotasks.collections.map.BooksCatalogTest" time="0.002"/>
  <testcase name="testFindAuthorsByBook{String, String, String, String}[40]" classname="com.epam.rd.autotasks.collections.map.BooksCatalogTest" time="0.002"/>
  <testcase name="testFindAuthorsByBook{String, String, String, String}[41]" classname="com.epam.rd.autotasks.collections.map.BooksCatalogTest" time="0.001"/>
  <testcase name="testFindAuthorsByBook{String, String, String, String}[42]" classname="com.epam.rd.autotasks.collections.map.BooksCatalogTest" time="0.001"/>
  <testcase name="testFindAuthorsByBook{String, String, String, String}[43]" classname="com.epam.rd.autotasks.collections.map.BooksCatalogTest" time="0.001"/>
  <testcase name="testFindAuthorsByBook{String, String, String, String}[44]" classname="com.epam.rd.autotasks.collections.map.BooksCatalogTest" time="0.002"/>
  <testcase name="testFindAuthorsByBook{String, String, String, String}[45]" classname="com.epam.rd.autotasks.collections.map.BooksCatalogTest" time="0.004"/>
  <testcase name="testFindAuthorsByBook{String, String, String, String}[46]" classname="com.epam.rd.autotasks.collections.map.BooksCatalogTest" time="0.001"/>
  <testcase name="testFindAuthorsByBook{String, String, String, String}[47]" classname="com.epam.rd.autotasks.collections.map.BooksCatalogTest" time="0.001"/>
  <testcase name="testFindAuthorsByBook{String, String, String, String}[48]" classname="com.epam.rd.autotasks.collections.map.BooksCatalogTest" time="0.001"/>
  <testcase name="testFindAuthorsByBook{String, String, String, String}[49]" classname="com.epam.rd.autotasks.collections.map.BooksCatalogTest" time="0.001"/>
  <testcase name="testFindAuthorsByBook{String, String, String, String}[50]" classname="com.epam.rd.autotasks.collections.map.BooksCatalogTest" time="0.005"/>
  <testcase name="testFindAuthorsByBook{String, String, String, String}[51]" classname="com.epam.rd.autotasks.collections.map.BooksCatalogTest" time="0.001"/>
  <testcase name="testFindAuthorsByBook{String, String, String, String}[52]" classname="com.epam.rd.autotasks.collections.map.BooksCatalogTest" time="0.001"/>
  <testcase name="testFindAuthorsByBook{String, String, String, String}[53]" classname="com.epam.rd.autotasks.collections.map.BooksCatalogTest" time="0.001"/>
  <testcase name="testFindAuthorsByBook{String, String, String, String}[54]" classname="com.epam.rd.autotasks.collections.map.BooksCatalogTest" time="0.001"/>
  <testcase name="testFindAuthorsByBook{String, String, String, String}[55]" classname="com.epam.rd.autotasks.collections.map.BooksCatalogTest" time="0.002"/>
  <testcase name="testFindAuthorsByBook{String, String, String, String}[56]" classname="com.epam.rd.autotasks.collections.map.BooksCatalogTest" time="0.001"/>
  <testcase name="testFindAuthorsByBook{String, String, String, String}[57]" classname="com.epam.rd.autotasks.collections.map.BooksCatalogTest" time="0.001"/>
  <testcase name="testFindAuthorsByBook{String, String, String, String}[58]" classname="com.epam.rd.autotasks.collections.map.BooksCatalogTest" time="0.002"/>
  <testcase name="testFindAuthorsByBook{String, String, String, String}[59]" classname="com.epam.rd.autotasks.collections.map.BooksCatalogTest" time="0.001"/>
  <testcase name="testFindAuthorsByBook{String, String, String, String}[60]" classname="com.epam.rd.autotasks.collections.map.BooksCatalogTest" time="0.001"/>
  <testcase name="testFindAuthorsByBook{String, String, String, String}[61]" classname="com.epam.rd.autotasks.collections.map.BooksCatalogTest" time="0.003"/>
  <testcase name="testFindAuthorsByBook{String, String, String, String}[62]" classname="com.epam.rd.autotasks.collections.map.BooksCatalogTest" time="0.003"/>
  <testcase name="testFindAuthorsByBook{String, String, String, String}[63]" classname="com.epam.rd.autotasks.collections.map.BooksCatalogTest" time="0.001"/>
  <testcase name="testFindAuthorsByBook{String, String, String, String}[64]" classname="com.epam.rd.autotasks.collections.map.BooksCatalogTest" time="0.001"/>
  <testcase name="testFindAuthorsByBook{String, String, String, String}[65]" classname="com.epam.rd.autotasks.collections.map.BooksCatalogTest" time="0.003"/>
  <testcase name="testFindAuthorsByBook{String, String, String, String}[66]" classname="com.epam.rd.autotasks.collections.map.BooksCatalogTest" time="0.002"/>
  <testcase name="testFindAuthorsByBook{String, String, String, String}[67]" classname="com.epam.rd.autotasks.collections.map.BooksCatalogTest" time="0.003"/>
  <testcase name="testFindAuthorsByBook{String, String, String, String}[68]" classname="com.epam.rd.autotasks.collections.map.BooksCatalogTest" time="0.001"/>
  <testcase name="testFindAuthorsByBook{String, String, String, String}[69]" classname="com.epam.rd.autotasks.collections.map.BooksCatalogTest" time="0.002"/>
  <testcase name="testFindAuthorsByBook{String, String, String, String}[70]" classname="com.epam.rd.autotasks.collections.map.BooksCatalogTest" time="0.004"/>
  <testcase name="testFindAuthorsByBook{String, String, String, String}[71]" classname="com.epam.rd.autotasks.collections.map.BooksCatalogTest" time="0.001"/>
  <testcase name="testFindAuthorsByBook{String, String, String, String}[72]" classname="com.epam.rd.autotasks.collections.map.BooksCatalogTest" time="0.001"/>
  <testcase name="testFindAuthorsByBook{String, String, String, String}[73]" classname="com.epam.rd.autotasks.collections.map.BooksCatalogTest" time="0.001"/>
  <testcase name="testFindAuthorsByBook{String, String, String, String}[74]" classname="com.epam.rd.autotasks.collections.map.BooksCatalogTest" time="0.002"/>
  <testcase name="testFindAuthorsByBook{String, String, String, String}[75]" classname="com.epam.rd.autotasks.collections.map.BooksCatalogTest" time="0.002"/>
  <testcase name="testFindAuthorsByBook{String, String, String, String}[76]" classname="com.epam.rd.autotasks.collections.map.BooksCatalogTest" time="0.002"/>
  <testcase name="testFindAuthorsByBook{String, String, String, String}[77]" classname="com.epam.rd.autotasks.collections.map.BooksCatalogTest" time="0.002"/>
  <testcase name="testFindAuthorsByBook{String, String, String, String}[78]" classname="com.epam.rd.autotasks.collections.map.BooksCatalogTest" time="0.001"/>
  <testcase name="testFindAuthorsByBook{String, String, String, String}[79]" classname="com.epam.rd.autotasks.collections.map.BooksCatalogTest" time="0.001"/>
  <testcase name="testFindAuthorsByBook{String, String, String, String}[80]" classname="com.epam.rd.autotasks.collections.map.BooksCatalogTest" time="0.003"/>
  <testcase name="testFindAuthorsByBook{String, String, String, String}[81]" classname="com.epam.rd.autotasks.collections.map.BooksCatalogTest" time="0.004"/>
  <testcase name="testFindAuthorsByBook{String, String, String, String}[82]" classname="com.epam.rd.autotasks.collections.map.BooksCatalogTest" time="0"/>
  <testcase name="testFindAuthorsByBook{String, String, String, String}[83]" classname="com.epam.rd.autotasks.collections.map.BooksCatalogTest" time="0.001"/>
  <testcase name="testFindAuthorsByBook{String, String, String, String}[84]" classname="com.epam.rd.autotasks.collections.map.BooksCatalogTest" time="0.001"/>
  <testcase name="testFindAuthorsByBook{String, String, String, String}[85]" classname="com.epam.rd.autotasks.collections.map.BooksCatalogTest" time="0.002"/>
  <testcase name="testFindAuthorsByBook{String, String, String, String}[86]" classname="com.epam.rd.autotasks.collections.map.BooksCatalogTest" time="0.001"/>
  <testcase name="testFindAuthorsByBook{String, String, String, String}[87]" classname="com.epam.rd.autotasks.collections.map.BooksCatalogTest" time="0.001"/>
  <testcase name="testFindAuthorsByBook{String, String, String, String}[88]" classname="com.epam.rd.autotasks.collections.map.BooksCatalogTest" time="0.001"/>
  <testcase name="testFindAuthorsByBook{String, String, String, String}[89]" classname="com.epam.rd.autotasks.collections.map.BooksCatalogTest" time="0.001"/>
  <testcase name="testFindAuthorsByBook{String, String, String, String}[90]" classname="com.epam.rd.autotasks.collections.map.BooksCatalogTest" time="0.001"/>
  <testcase name="testFindAuthorsByBook{String, String, String, String}[91]" classname="com.epam.rd.autotasks.collections.map.BooksCatalogTest" time="0.002"/>
  <testcase name="testFindAuthorsByBook{String, String, String, String}[92]" classname="com.epam.rd.autotasks.collections.map.BooksCatalogTest" time="0.002"/>
  <testcase name="testFindAuthorsByBook{String, String, String, String}[93]" classname="com.epam.rd.autotasks.collections.map.BooksCatalogTest" time="0.001"/>
  <testcase name="testFindAuthorsByBook{String, String, String, String}[94]" classname="com.epam.rd.autotasks.collections.map.BooksCatalogTest" time="0.001"/>
  <testcase name="testFindAuthorsByBook{String, String, String, String}[95]" classname="com.epam.rd.autotasks.collections.map.BooksCatalogTest" time="0.001"/>
  <testcase name="testFindAuthorsByBook{String, String, String, String}[96]" classname="com.epam.rd.autotasks.collections.map.BooksCatalogTest" time="0.001"/>
  <testcase name="testFindAuthorsByBook{String, String, String, String}[97]" classname="com.epam.rd.autotasks.collections.map.BooksCatalogTest" time="0.005"/>
  <testcase name="testFindAuthorsByBook{String, String, String, String}[98]" classname="com.epam.rd.autotasks.collections.map.BooksCatalogTest" time="0.002"/>
  <testcase name="testFindAuthorsByBook{String, String, String, String}[99]" classname="com.epam.rd.autotasks.collections.map.BooksCatalogTest" time="0"/>
  <testcase name="testFindAuthorsByBook{String, String, String, String}[100]" classname="com.epam.rd.autotasks.collections.map.BooksCatalogTest" time="0.001"/>
  <testcase name="testFindAuthorsByBook{String, String, String, String}[101]" classname="com.epam.rd.autotasks.collections.map.BooksCatalogTest" time="0.001"/>
  <testcase name="testFindAuthorsByBook{String, String, String, String}[102]" classname="com.epam.rd.autotasks.collections.map.BooksCatalogTest" time="0.001"/>
  <testcase name="testFindAuthorsByBook{String, String, String, String}[103]" classname="com.epam.rd.autotasks.collections.map.BooksCatalogTest" time="0.002"/>
  <testcase name="testFindAuthorsByBook{String, String, String, String}[104]" classname="com.epam.rd.autotasks.collections.map.BooksCatalogTest" time="0.002"/>
  <testcase name="testFindAuthorsByBook{String, String, String, String}[105]" classname="com.epam.rd.autotasks.collections.map.BooksCatalogTest" time="0.001"/>
  <testcase name="testFindAuthorsByBook{String, String, String, String}[106]" classname="com.epam.rd.autotasks.collections.map.BooksCatalogTest" time="0.001"/>
  <testcase name="testFindAuthorsByBook{String, String, String, String}[107]" classname="com.epam.rd.autotasks.collections.map.BooksCatalogTest" time="0.001"/>
  <testcase name="testFindAuthorsByBook{String, String, String, String}[108]" classname="com.epam.rd.autotasks.collections.map.BooksCatalogTest" time="0.001"/>
  <testcase name="testFindAuthorsByBook{String, String, String, String}[109]" classname="com.epam.rd.autotasks.collections.map.BooksCatalogTest" time="0.001"/>
  <testcase name="testFindAuthorsByBook{String, String, String, String}[110]" classname="com.epam.rd.autotasks.collections.map.BooksCatalogTest" time="0.002"/>
  <testcase name="testFindAuthorsByBook{String, String, String, String}[111]" classname="com.epam.rd.autotasks.collections.map.BooksCatalogTest" time="0.002"/>
  <testcase name="testFindAuthorsByBook{String, String, String, String}[112]" classname="com.epam.rd.autotasks.collections.map.BooksCatalogTest" time="0.003"/>
  <testcase name="testFindAuthorsByBook{String, String, String, String}[113]" classname="com.epam.rd.autotasks.collections.map.BooksCatalogTest" time="0.001"/>
  <testcase name="testFindAuthorsByBook{String, String, String, String}[114]" classname="com.epam.rd.autotasks.collections.map.BooksCatalogTest" time="0.001"/>
  <testcase name="testFindAuthorsByBook{String, String, String, String}[115]" classname="com.epam.rd.autotasks.collections.map.BooksCatalogTest" time="0.002"/>
  <testcase name="testFindAuthorsByBook{String, String, String, String}[116]" classname="com.epam.rd.autotasks.collections.map.BooksCatalogTest" time="0.001"/>
  <testcase name="testFindAuthorsByBook{String, String, String, String}[117]" classname="com.epam.rd.autotasks.collections.map.BooksCatalogTest" time="0.002"/>
  <testcase name="testGetAllAuthors{String}[1]" classname="com.epam.rd.autotasks.collections.map.BooksCatalogTest" time="0.004"/>
  <testcase name="testGetAllAuthors{String}[2]" classname="com.epam.rd.autotasks.collections.map.BooksCatalogTest" time="0.004"/>
  <testcase name="testGetAllAuthors{String}[3]" classname="com.epam.rd.autotasks.collections.map.BooksCatalogTest" time="0"/>
  <testcase name="testGetAllAuthors{String}[4]" classname="com.epam.rd.autotasks.collections.map.BooksCatalogTest" time="0.001"/>
  <testcase name="testGetAllAuthors{String}[5]" classname="com.epam.rd.autotasks.collections.map.BooksCatalogTest" time="0"/>
  <testcase name="testGetAllAuthors{String}[6]" classname="com.epam.rd.autotasks.collections.map.BooksCatalogTest" time="0.001"/>
  <testcase name="testToString" classname="com.epam.rd.autotasks.collections.map.BooksCatalogTest" time="0.007"/>
  <testcase name="testBookCompareTo{String, String, String}[1]" classname="com.epam.rd.autotasks.collections.map.BooksCatalogTest" time="0.011"/>
  <testcase name="testFindBooksByGenre{String, String}[1]" classname="com.epam.rd.autotasks.collections.map.BooksCatalogTest" time="0.009"/>
  <testcase name="testFindBooksByGenre{String, String}[2]" classname="com.epam.rd.autotasks.collections.map.BooksCatalogTest" time="0.001"/>
  <testcase name="testFindBooksByGenre{String, String}[3]" classname="com.epam.rd.autotasks.collections.map.BooksCatalogTest" time="0.003"/>
  <testcase name="testFindBooksByGenre{String, String}[4]" classname="com.epam.rd.autotasks.collections.map.BooksCatalogTest" time="0.001"/>
  <testcase name="testFindBooksByGenre{String, String}[5]" classname="com.epam.rd.autotasks.collections.map.BooksCatalogTest" time="0.001"/>
  <testcase name="testFindBooksByGenre{String, String}[6]" classname="com.epam.rd.autotasks.collections.map.BooksCatalogTest" time="0.005"/>
  <testcase name="testFindBooksByGenre{String, String}[7]" classname="com.epam.rd.autotasks.collections.map.BooksCatalogTest" time="0.001"/>
  <testcase name="testFindBooksByGenre{String, String}[8]" classname="com.epam.rd.autotasks.collections.map.BooksCatalogTest" time="0.001"/>
  <testcase name="testFindBooksByGenre{String, String}[9]" classname="com.epam.rd.autotasks.collections.map.BooksCatalogTest" time="0.002"/>
  <testcase name="testFindBooksByGenre{String, String}[10]" classname="com.epam.rd.autotasks.collections.map.BooksCatalogTest" time="0.002"/>
  <testcase name="testFindBooksByGenre{String, String}[11]" classname="com.epam.rd.autotasks.collections.map.BooksCatalogTest" time="0.005"/>
  <testcase name="testFindBooksByGenre{String, String}[12]" classname="com.epam.rd.autotasks.collections.map.BooksCatalogTest" time="0.001"/>
  <testcase name="testFindBooksByGenre{String, String}[13]" classname="com.epam.rd.autotasks.collections.map.BooksCatalogTest" time="0.001"/>
  <testcase name="testFindBooksByGenre{String, String}[14]" classname="com.epam.rd.autotasks.collections.map.BooksCatalogTest" time="0.001"/>
  <testcase name="testFindBooksByGenre{String, String}[15]" classname="com.epam.rd.autotasks.collections.map.BooksCatalogTest" time="0.001"/>
  <testcase name="testFindBooksByGenre{String, String}[16]" classname="com.epam.rd.autotasks.collections.map.BooksCatalogTest" time="0.002"/>
  <testcase name="testFindBooksByGenre{String, String}[17]" classname="com.epam.rd.autotasks.collections.map.BooksCatalogTest" time="0.001"/>
  <testcase name="testFindBooksByGenre{String, String}[18]" classname="com.epam.rd.autotasks.collections.map.BooksCatalogTest" time="0.001"/>
  <testcase name="testFindBooksByGenre{String, String}[19]" classname="com.epam.rd.autotasks.collections.map.BooksCatalogTest" time="0.001"/>
  <testcase name="testFindBooksByGenre{String, String}[20]" classname="com.epam.rd.autotasks.collections.map.BooksCatalogTest" time="0.002"/>
  <testcase name="testFindBooksByGenre{String, String}[21]" classname="com.epam.rd.autotasks.collections.map.BooksCatalogTest" time="0.005"/>
  <testcase name="testFindBooksByGenre{String, String}[22]" classname="com.epam.rd.autotasks.collections.map.BooksCatalogTest" time="0.002"/>
  <testcase name="testFindBooksByGenre{String, String}[23]" classname="com.epam.rd.autotasks.collections.map.BooksCatalogTest" time="0.001"/>
  <testcase name="testFindBooksByGenre{String, String}[24]" classname="com.epam.rd.autotasks.collections.map.BooksCatalogTest" time="0.001"/>
  <testcase name="testFindBooksByGenre{String, String}[25]" classname="com.epam.rd.autotasks.collections.map.BooksCatalogTest" time="0.001"/>
  <testcase name="testFindBooksByGenre{String, String}[26]" classname="com.epam.rd.autotasks.collections.map.BooksCatalogTest" time="0.001"/>
  <testcase name="testFindBooksByGenre{String, String}[27]" classname="com.epam.rd.autotasks.collections.map.BooksCatalogTest" time="0.003"/>
  <testcase name="testFindBooksByGenre{String, String}[28]" classname="com.epam.rd.autotasks.collections.map.BooksCatalogTest" time="0.002"/>
  <testcase name="testFindBooksByGenre{String, String}[29]" classname="com.epam.rd.autotasks.collections.map.BooksCatalogTest" time="0.001"/>
  <testcase name="testFindBooksByGenre{String, String}[30]" classname="com.epam.rd.autotasks.collections.map.BooksCatalogTest" time="0.001"/>
  <testcase name="testFindBooksByGenre{String, String}[31]" classname="com.epam.rd.autotasks.collections.map.BooksCatalogTest" time="0.002"/>
  <testcase name="testFindBooksByGenre{String, String}[32]" classname="com.epam.rd.autotasks.collections.map.BooksCatalogTest" time="0.001"/>
  <testcase name="testFindBooksByGenre{String, String}[33]" classname="com.epam.rd.autotasks.collections.map.BooksCatalogTest" time="0.002"/>
  <testcase name="testFindBooksByGenre{String, String}[34]" classname="com.epam.rd.autotasks.collections.map.BooksCatalogTest" time="0.001"/>
  <testcase name="testFindBooksByGenre{String, String}[35]" classname="com.epam.rd.autotasks.collections.map.BooksCatalogTest" time="0.002"/>
  <testcase name="testFindBooksByGenre{String, String}[36]" classname="com.epam.rd.autotasks.collections.map.BooksCatalogTest" time="0"/>
  <testcase name="testFindBooksByGenre{String, String}[37]" classname="com.epam.rd.autotasks.collections.map.BooksCatalogTest" time="0.001"/>
  <testcase name="testFindBooksByGenre{String, String}[38]" classname="com.epam.rd.autotasks.collections.map.BooksCatalogTest" time="0.003"/>
  <testcase name="testFindBooksByGenre{String, String}[39]" classname="com.epam.rd.autotasks.collections.map.BooksCatalogTest" time="0.002"/>
  <testcase name="testFindBooksByGenre{String, String}[40]" classname="com.epam.rd.autotasks.collections.map.BooksCatalogTest" time="0.001"/>
  <testcase name="testFindBooksByGenre{String, String}[41]" classname="com.epam.rd.autotasks.collections.map.BooksCatalogTest" time="0"/>
  <testcase name="testFindBooksByGenre{String, String}[42]" classname="com.epam.rd.autotasks.collections.map.BooksCatalogTest" time="0"/>
  <testcase name="testFindBooksByGenre{String, String}[43]" classname="com.epam.rd.autotasks.collections.map.BooksCatalogTest" time="0.001"/>
  <testcase name="testFindBooksByGenre{String, String}[44]" classname="com.epam.rd.autotasks.collections.map.BooksCatalogTest" time="0.002"/>
  <testcase name="testFindBooksByGenre{String, String}[45]" classname="com.epam.rd.autotasks.collections.map.BooksCatalogTest" time="0.001"/>
  <testcase name="testFindBooksByGenre{String, String}[46]" classname="com.epam.rd.autotasks.collections.map.BooksCatalogTest" time="0.001"/>
  <testcase name="testFindBooksByGenre{String, String}[47]" classname="com.epam.rd.autotasks.collections.map.BooksCatalogTest" time="0.001"/>
  <testcase name="testFindBooksByGenre{String, String}[48]" classname="com.epam.rd.autotasks.collections.map.BooksCatalogTest" time="0.001"/>
  <testcase name="testFindBooksByGenre{String, String}[49]" classname="com.epam.rd.autotasks.collections.map.BooksCatalogTest" time="0.001"/>
  <testcase name="testFindBooksByGenre{String, String}[50]" classname="com.epam.rd.autotasks.collections.map.BooksCatalogTest" time="0.001"/>
  <testcase name="testFindAuthorsByBookShouldThrow" classname="com.epam.rd.autotasks.collections.map.BooksCatalogTest" time="0.004"/>
</testsuite>